2023-04-27 10:54:37.973 [restartedMain] WARN  c.b.mybatisplus.core.metadata.TableInfoHelper - Can not find table primary key in Class: "com.uestc.thresholddkg.Server.persist.ServPrfs".
2023-04-27 10:54:46.616 [restartedMain] WARN  o.s.c.a.AnnotationConfigApplicationContext - Exception encountered during context initialization - cancelling refresh attempt: org.springframework.beans.factory.UnsatisfiedDependencyException: Error creating bean with name 'getRedis': Unsatisfied dependency expressed through field 'redisson0'; nested exception is org.springframework.beans.factory.BeanCreationException: Error creating bean with name 'redsession' defined in class path resource [com/uestc/thresholddkg/Server/Config/RedisConfig.class]: Bean instantiation via factory method failed; nested exception is org.springframework.beans.BeanInstantiationException: Failed to instantiate [org.redisson.api.RedissonClient]: Factory method 'redsession' threw exception; nested exception is org.redisson.client.RedisConnectionException: Unable to connect to Redis server: /127.0.0.1:6379
2023-04-27 10:54:46.767 [restartedMain] ERROR org.springframework.boot.SpringApplication - Application run failed
org.springframework.beans.factory.UnsatisfiedDependencyException: Error creating bean with name 'getRedis': Unsatisfied dependency expressed through field 'redisson0'; nested exception is org.springframework.beans.factory.BeanCreationException: Error creating bean with name 'redsession' defined in class path resource [com/uestc/thresholddkg/Server/Config/RedisConfig.class]: Bean instantiation via factory method failed; nested exception is org.springframework.beans.BeanInstantiationException: Failed to instantiate [org.redisson.api.RedissonClient]: Factory method 'redsession' threw exception; nested exception is org.redisson.client.RedisConnectionException: Unable to connect to Redis server: /127.0.0.1:6379
	at org.springframework.beans.factory.annotation.AutowiredAnnotationBeanPostProcessor$AutowiredFieldElement.resolveFieldValue(AutowiredAnnotationBeanPostProcessor.java:659)
	at org.springframework.beans.factory.annotation.AutowiredAnnotationBeanPostProcessor$AutowiredFieldElement.inject(AutowiredAnnotationBeanPostProcessor.java:639)
	at org.springframework.beans.factory.annotation.InjectionMetadata.inject(InjectionMetadata.java:119)
	at org.springframework.beans.factory.annotation.AutowiredAnnotationBeanPostProcessor.postProcessProperties(AutowiredAnnotationBeanPostProcessor.java:399)
	at org.springframework.beans.factory.support.AbstractAutowireCapableBeanFactory.populateBean(AbstractAutowireCapableBeanFactory.java:1431)
	at org.springframework.beans.factory.support.AbstractAutowireCapableBeanFactory.doCreateBean(AbstractAutowireCapableBeanFactory.java:619)
	at org.springframework.beans.factory.support.AbstractAutowireCapableBeanFactory.createBean(AbstractAutowireCapableBeanFactory.java:542)
	at org.springframework.beans.factory.support.AbstractBeanFactory.lambda$doGetBean$0(AbstractBeanFactory.java:335)
	at org.springframework.beans.factory.support.DefaultSingletonBeanRegistry.getSingleton(DefaultSingletonBeanRegistry.java:234)
	at org.springframework.beans.factory.support.AbstractBeanFactory.doGetBean(AbstractBeanFactory.java:333)
	at org.springframework.beans.factory.support.AbstractBeanFactory.getBean(AbstractBeanFactory.java:208)
	at org.springframework.beans.factory.support.DefaultListableBeanFactory.preInstantiateSingletons(DefaultListableBeanFactory.java:955)
	at org.springframework.context.support.AbstractApplicationContext.finishBeanFactoryInitialization(AbstractApplicationContext.java:918)
	at org.springframework.context.support.AbstractApplicationContext.refresh(AbstractApplicationContext.java:583)
	at org.springframework.boot.SpringApplication.refresh(SpringApplication.java:734)
	at org.springframework.boot.SpringApplication.refreshContext(SpringApplication.java:408)
	at org.springframework.boot.SpringApplication.run(SpringApplication.java:308)
	at org.springframework.boot.SpringApplication.run(SpringApplication.java:1306)
	at org.springframework.boot.SpringApplication.run(SpringApplication.java:1295)
	at com.uestc.thresholddkg.Server.ThresholdDkgApplication.main(ThresholdDkgApplication.java:23)
	at sun.reflect.NativeMethodAccessorImpl.invoke0(Native Method)
	at sun.reflect.NativeMethodAccessorImpl.invoke(NativeMethodAccessorImpl.java:62)
	at sun.reflect.DelegatingMethodAccessorImpl.invoke(DelegatingMethodAccessorImpl.java:43)
	at java.lang.reflect.Method.invoke(Method.java:498)
	at org.springframework.boot.devtools.restart.RestartLauncher.run(RestartLauncher.java:49)
Caused by: org.springframework.beans.factory.BeanCreationException: Error creating bean with name 'redsession' defined in class path resource [com/uestc/thresholddkg/Server/Config/RedisConfig.class]: Bean instantiation via factory method failed; nested exception is org.springframework.beans.BeanInstantiationException: Failed to instantiate [org.redisson.api.RedissonClient]: Factory method 'redsession' threw exception; nested exception is org.redisson.client.RedisConnectionException: Unable to connect to Redis server: /127.0.0.1:6379
	at org.springframework.beans.factory.support.ConstructorResolver.instantiate(ConstructorResolver.java:658)
	at org.springframework.beans.factory.support.ConstructorResolver.instantiateUsingFactoryMethod(ConstructorResolver.java:486)
	at org.springframework.beans.factory.support.AbstractAutowireCapableBeanFactory.instantiateUsingFactoryMethod(AbstractAutowireCapableBeanFactory.java:1352)
	at org.springframework.beans.factory.support.AbstractAutowireCapableBeanFactory.createBeanInstance(AbstractAutowireCapableBeanFactory.java:1195)
	at org.springframework.beans.factory.support.AbstractAutowireCapableBeanFactory.doCreateBean(AbstractAutowireCapableBeanFactory.java:582)
	at org.springframework.beans.factory.support.AbstractAutowireCapableBeanFactory.createBean(AbstractAutowireCapableBeanFactory.java:542)
	at org.springframework.beans.factory.support.AbstractBeanFactory.lambda$doGetBean$0(AbstractBeanFactory.java:335)
	at org.springframework.beans.factory.support.DefaultSingletonBeanRegistry.getSingleton(DefaultSingletonBeanRegistry.java:234)
	at org.springframework.beans.factory.support.AbstractBeanFactory.doGetBean(AbstractBeanFactory.java:333)
	at org.springframework.beans.factory.support.AbstractBeanFactory.getBean(AbstractBeanFactory.java:208)
	at org.springframework.beans.factory.config.DependencyDescriptor.resolveCandidate(DependencyDescriptor.java:276)
	at org.springframework.beans.factory.support.DefaultListableBeanFactory.doResolveDependency(DefaultListableBeanFactory.java:1391)
	at org.springframework.beans.factory.support.DefaultListableBeanFactory.resolveDependency(DefaultListableBeanFactory.java:1311)
	at org.springframework.beans.factory.annotation.AutowiredAnnotationBeanPostProcessor$AutowiredFieldElement.resolveFieldValue(AutowiredAnnotationBeanPostProcessor.java:656)
	... 24 common frames omitted
Caused by: org.springframework.beans.BeanInstantiationException: Failed to instantiate [org.redisson.api.RedissonClient]: Factory method 'redsession' threw exception; nested exception is org.redisson.client.RedisConnectionException: Unable to connect to Redis server: /127.0.0.1:6379
	at org.springframework.beans.factory.support.SimpleInstantiationStrategy.instantiate(SimpleInstantiationStrategy.java:185)
	at org.springframework.beans.factory.support.ConstructorResolver.instantiate(ConstructorResolver.java:653)
	... 37 common frames omitted
Caused by: org.redisson.client.RedisConnectionException: Unable to connect to Redis server: /127.0.0.1:6379
	at org.redisson.connection.pool.ConnectionPool$1.lambda$run$0(ConnectionPool.java:158)
	at org.redisson.misc.RedissonPromise.lambda$onComplete$0(RedissonPromise.java:183)
	at io.netty.util.concurrent.DefaultPromise.notifyListener0(DefaultPromise.java:578)
	at io.netty.util.concurrent.DefaultPromise.notifyListenersNow(DefaultPromise.java:552)
	at io.netty.util.concurrent.DefaultPromise.notifyListeners(DefaultPromise.java:491)
	at io.netty.util.concurrent.DefaultPromise.setValue0(DefaultPromise.java:616)
	at io.netty.util.concurrent.DefaultPromise.setFailure0(DefaultPromise.java:609)
	at io.netty.util.concurrent.DefaultPromise.tryFailure(DefaultPromise.java:117)
	at org.redisson.misc.RedissonPromise.tryFailure(RedissonPromise.java:96)
	at org.redisson.connection.pool.ConnectionPool.promiseFailure(ConnectionPool.java:328)
	at org.redisson.connection.pool.ConnectionPool.lambda$createConnection$1(ConnectionPool.java:294)
	at org.redisson.misc.RedissonPromise.lambda$onComplete$0(RedissonPromise.java:183)
	at io.netty.util.concurrent.DefaultPromise.notifyListener0(DefaultPromise.java:578)
	at io.netty.util.concurrent.DefaultPromise.notifyListeners0(DefaultPromise.java:571)
	at io.netty.util.concurrent.DefaultPromise.notifyListenersNow(DefaultPromise.java:550)
	at io.netty.util.concurrent.DefaultPromise.notifyListeners(DefaultPromise.java:491)
	at io.netty.util.concurrent.DefaultPromise.setValue0(DefaultPromise.java:616)
	at io.netty.util.concurrent.DefaultPromise.setFailure0(DefaultPromise.java:609)
	at io.netty.util.concurrent.DefaultPromise.tryFailure(DefaultPromise.java:117)
	at org.redisson.misc.RedissonPromise.tryFailure(RedissonPromise.java:96)
	at org.redisson.client.RedisClient$3$2.run(RedisClient.java:312)
	at io.netty.util.concurrent.AbstractEventExecutor.runTask(AbstractEventExecutor.java:174)
	at io.netty.util.concurrent.AbstractEventExecutor.safeExecute(AbstractEventExecutor.java:167)
	at io.netty.util.concurrent.SingleThreadEventExecutor.runAllTasks(SingleThreadEventExecutor.java:470)
	at io.netty.channel.nio.NioEventLoop.run(NioEventLoop.java:569)
	at io.netty.util.concurrent.SingleThreadEventExecutor$4.run(SingleThreadEventExecutor.java:997)
	at io.netty.util.internal.ThreadExecutorMap$2.run(ThreadExecutorMap.java:74)
	at io.netty.util.concurrent.FastThreadLocalRunnable.run(FastThreadLocalRunnable.java:30)
	at java.lang.Thread.run(Thread.java:745)
Caused by: io.netty.channel.AbstractChannel$AnnotatedConnectException: Connection refused: no further information: /127.0.0.1:6379
Caused by: java.net.ConnectException: Connection refused: no further information
	at sun.nio.ch.SocketChannelImpl.checkConnect(Native Method)
	at sun.nio.ch.SocketChannelImpl.finishConnect(SocketChannelImpl.java:717)
	at io.netty.channel.socket.nio.NioSocketChannel.doFinishConnect(NioSocketChannel.java:337)
	at io.netty.channel.nio.AbstractNioChannel$AbstractNioUnsafe.finishConnect(AbstractNioChannel.java:334)
	at io.netty.channel.nio.NioEventLoop.processSelectedKey(NioEventLoop.java:776)
	at io.netty.channel.nio.NioEventLoop.processSelectedKeysOptimized(NioEventLoop.java:724)
	at io.netty.channel.nio.NioEventLoop.processSelectedKeys(NioEventLoop.java:650)
	at io.netty.channel.nio.NioEventLoop.run(NioEventLoop.java:562)
	at io.netty.util.concurrent.SingleThreadEventExecutor$4.run(SingleThreadEventExecutor.java:997)
	at io.netty.util.internal.ThreadExecutorMap$2.run(ThreadExecutorMap.java:74)
	at io.netty.util.concurrent.FastThreadLocalRunnable.run(FastThreadLocalRunnable.java:30)
	at java.lang.Thread.run(Thread.java:745)
2023-04-27 10:59:38.619 [restartedMain] WARN  c.b.mybatisplus.core.metadata.TableInfoHelper - Can not find table primary key in Class: "com.uestc.thresholddkg.Server.persist.ServPrfs".
2023-04-27 10:59:41.114 [restartedMain] WARN  o.s.b.d.autoconfigure.OptionalLiveReloadServer - Unable to start LiveReload server
2023-04-27 11:08:27.498 [Thread-34] ERROR com.uestc.thresholddkg.Server.user.startToken - startTokens
2023-04-27 11:08:27.501 [Thread-34] ERROR com.uestc.thresholddkg.Server.user.startToken - startTokens{"id":"alice","passwd":"ef51306214d9a6361ee1d5b452e6d2bb70dc7ebb85bf9e02c3d4747fb57d6bec"}
2023-04-27 11:08:28.084 [Thread-34] ERROR com.uestc.thresholddkg.Server.user.startToken - isExist 7
2023-04-27 11:08:28.110 [pool-3-thread-6] ERROR com.uestc.thresholddkg.Server.handle.StartDKG - START DKG alice|Passwd
2023-04-27 11:08:28.112 [Thread-34] ERROR com.uestc.thresholddkg.Server.user.StartPRF - Uesr get PRF DKG_System(p=55008890784874447173355815027458555496432220170381752127926862455451407392189819258198327497835330017002361239508906371122552278462662738606432475911418953, q=6876111348109305896669476878432319437054027521297719015990857806931425924023727407274790937229416252125295154938613296390319034807832842325804059488927369, g=5201760341933873244398156953930139113646308695152482920725031305643826101331579184487073715278561687088354893002160938789180779648681783270786984745705445, h=52748245988669484048355948692094811544313256179505073957827397438559033311545470593650724168317345181406859912981881692166800132239705542018909915679781363)
2023-04-27 11:08:28.496 [Thread-34] ERROR c.u.thresholddkg.Server.user.TokenComm.GetTokenSi - 1 verify tokeni True
2023-04-27 11:08:28.497 [Thread-34] ERROR c.u.thresholddkg.Server.user.TokenComm.GetTokenSi - 2 verify tokeni True
2023-04-27 11:08:28.499 [Thread-34] ERROR c.u.thresholddkg.Server.user.TokenComm.GetTokenSi - 3 verify tokeni True
2023-04-27 11:08:28.500 [Thread-34] ERROR c.u.thresholddkg.Server.user.TokenComm.GetTokenSi - 7 verify tokeni True
2023-04-27 11:09:12.201 [Thread-34] ERROR com.uestc.thresholddkg.Server.user.startToken - startTokens
2023-04-27 11:09:12.203 [Thread-34] ERROR com.uestc.thresholddkg.Server.user.startToken - startTokens{"id":"alice","passwd":"02caa0a67588a83ad28dfb75dd38480ee71ba43228941fda9cb7b7fa39b04e7a"}
2023-04-27 11:09:12.775 [Thread-34] ERROR com.uestc.thresholddkg.Server.user.startToken - isExist 7
2023-04-27 11:09:12.801 [pool-3-thread-12] ERROR com.uestc.thresholddkg.Server.handle.StartDKG - START DKG alice|Passwd
2023-04-27 11:09:12.803 [Thread-34] ERROR com.uestc.thresholddkg.Server.user.StartPRF - Uesr get PRF DKG_System(p=55008890784874447173355815027458555496432220170381752127926862455451407392189819258198327497835330017002361239508906371122552278462662738606432475911418953, q=6876111348109305896669476878432319437054027521297719015990857806931425924023727407274790937229416252125295154938613296390319034807832842325804059488927369, g=5201760341933873244398156953930139113646308695152482920725031305643826101331579184487073715278561687088354893002160938789180779648681783270786984745705445, h=52748245988669484048355948692094811544313256179505073957827397438559033311545470593650724168317345181406859912981881692166800132239705542018909915679781363)
2023-04-27 11:09:12.934 [Thread-34] WARN  c.u.thresholddkg.Server.user.TokenComm.GetTokenSi - VERY ERROR!!!!
2023-04-27 11:09:18.684 [Thread-34] ERROR com.uestc.thresholddkg.Server.user.startToken - startTokens
2023-04-27 11:09:18.686 [Thread-34] ERROR com.uestc.thresholddkg.Server.user.startToken - startTokens{"id":"alice","passwd":"ef51306214d9a6361ee1d5b452e6d2bb70dc7ebb85bf9e02c3d4747fb57d6bec"}
2023-04-27 11:09:19.260 [Thread-34] ERROR com.uestc.thresholddkg.Server.user.startToken - isExist 7
2023-04-27 11:09:19.286 [pool-3-thread-9] ERROR com.uestc.thresholddkg.Server.handle.StartDKG - START DKG alice|Passwd
2023-04-27 11:09:19.287 [Thread-34] ERROR com.uestc.thresholddkg.Server.user.StartPRF - Uesr get PRF DKG_System(p=55008890784874447173355815027458555496432220170381752127926862455451407392189819258198327497835330017002361239508906371122552278462662738606432475911418953, q=6876111348109305896669476878432319437054027521297719015990857806931425924023727407274790937229416252125295154938613296390319034807832842325804059488927369, g=5201760341933873244398156953930139113646308695152482920725031305643826101331579184487073715278561687088354893002160938789180779648681783270786984745705445, h=52748245988669484048355948692094811544313256179505073957827397438559033311545470593650724168317345181406859912981881692166800132239705542018909915679781363)
2023-04-27 11:09:19.421 [Thread-34] ERROR c.u.thresholddkg.Server.user.TokenComm.GetTokenSi - 1 verify tokeni True
2023-04-27 11:09:19.422 [Thread-34] ERROR c.u.thresholddkg.Server.user.TokenComm.GetTokenSi - 2 verify tokeni True
2023-04-27 11:09:19.424 [Thread-34] ERROR c.u.thresholddkg.Server.user.TokenComm.GetTokenSi - 3 verify tokeni True
2023-04-27 11:09:19.425 [Thread-34] ERROR c.u.thresholddkg.Server.user.TokenComm.GetTokenSi - 5 verify tokeni True
2023-04-27 11:09:37.879 [Thread-34] ERROR com.uestc.thresholddkg.Server.user.startToken - isExist 7
2023-04-27 11:09:37.904 [pool-3-thread-8] ERROR com.uestc.thresholddkg.Server.handle.StartDKG - START DKG alice|Passwd
2023-04-27 11:09:37.906 [Thread-34] ERROR com.uestc.thresholddkg.Server.user.StartPRF - Uesr get PRF DKG_System(p=55008890784874447173355815027458555496432220170381752127926862455451407392189819258198327497835330017002361239508906371122552278462662738606432475911418953, q=6876111348109305896669476878432319437054027521297719015990857806931425924023727407274790937229416252125295154938613296390319034807832842325804059488927369, g=5201760341933873244398156953930139113646308695152482920725031305643826101331579184487073715278561687088354893002160938789180779648681783270786984745705445, h=52748245988669484048355948692094811544313256179505073957827397438559033311545470593650724168317345181406859912981881692166800132239705542018909915679781363)
2023-04-27 11:09:38.036 [Thread-34] ERROR c.u.thresholddkg.Server.user.TokenComm.GetTokenSi - 1 verify tokeni True
2023-04-27 11:09:38.038 [Thread-34] ERROR c.u.thresholddkg.Server.user.TokenComm.GetTokenSi - 2 verify tokeni True
2023-04-27 11:09:38.040 [Thread-34] ERROR c.u.thresholddkg.Server.user.TokenComm.GetTokenSi - 6 verify tokeni True
2023-04-27 11:09:38.042 [Thread-34] ERROR c.u.thresholddkg.Server.user.TokenComm.GetTokenSi - 7 verify tokeni True
2023-04-27 11:09:40.137 [pool-18-thread-10] ERROR com.uestc.thresholddkg.Server.communicate.SendUri -  Connect to FAILhttps://127.0.0.10:9040/verifyGetPrfI
2023-04-27 11:09:40.137 [pool-18-thread-11] ERROR com.uestc.thresholddkg.Server.communicate.SendUri -  Connect to FAILhttps://127.0.0.10:9030/verifyGetPrfI
2023-04-27 11:09:40.146 [pool-18-thread-13] ERROR com.uestc.thresholddkg.Server.communicate.SendUri -  Connect to FAILhttps://127.0.0.10:9050/verifyGetPrfI
2023-04-27 11:09:57.726 [Thread-34] ERROR com.uestc.thresholddkg.Server.user.startToken - startTokens
2023-04-27 11:09:57.729 [Thread-34] ERROR com.uestc.thresholddkg.Server.user.startToken - startTokens{"id":"alice","passwd":"8d969eef6ecad3c29a3a629280e686cf0c3f5d5a86aff3ca12020c923adc6c92"}
2023-04-27 11:10:00.295 [Thread-34] ERROR com.uestc.thresholddkg.Server.user.startToken - isExist 5
2023-04-27 11:10:00.319 [pool-3-thread-1] ERROR com.uestc.thresholddkg.Server.handle.StartDKG - START DKG alice|Passwd
2023-04-27 11:10:00.321 [Thread-34] ERROR com.uestc.thresholddkg.Server.user.StartPRF - Uesr get PRF DKG_System(p=60997687434839276473877927988160438009885706199271565673024315060154950048471830662208844727617170660828104252868168645479449620494689821319851573990788889, q=7624710929354909559234740998520054751235713274908945709128039382519368756058978832776105590952146332603513031608521080684931202561836227664981446748848611, g=17354108764360064183634603655001512497609238625797834836472436909021646999366768087253173569197226926312519450539658998023685691982585129644978929494073800, h=19120286769781509491722016933385941423909386295435089028769530589141178512079621614191186474101312460151521029104145959237251617075626879448400277517499577)
2023-04-27 11:10:00.448 [Thread-34] ERROR c.u.thresholddkg.Server.user.TokenComm.GetTokenSi - 1 verify tokeni True
2023-04-27 11:10:00.449 [Thread-34] ERROR c.u.thresholddkg.Server.user.TokenComm.GetTokenSi - 2 verify tokeni True
2023-04-27 11:10:00.451 [Thread-34] ERROR c.u.thresholddkg.Server.user.TokenComm.GetTokenSi - 3 verify tokeni True
2023-04-27 11:10:00.452 [Thread-34] ERROR c.u.thresholddkg.Server.user.TokenComm.GetTokenSi - 4 verify tokeni True
2023-04-27 11:12:05.877 [pool-3-thread-9] ERROR com.uestc.thresholddkg.Server.handle.StartDKG - START DKG alice|Passwd
2023-04-27 11:12:28.530 [pool-3-thread-19] ERROR com.uestc.thresholddkg.Server.handle.StartDKG - START DKG alice|Passwd
2023-04-27 11:13:11.365 [pool-18-thread-11] ERROR com.uestc.thresholddkg.Server.communicate.SendUri -  Connect to FAILhttps://127.0.0.10:9070/verifyGetPrfI
2023-04-27 11:13:11.630 [pool-18-thread-12] ERROR com.uestc.thresholddkg.Server.communicate.SendUri -  Connect to FAILhttps://127.0.0.10:9060/verifyGetPrfI
2023-04-27 11:13:36.237 [Thread-34] ERROR com.uestc.thresholddkg.Server.user.startToken - startTokens
2023-04-27 11:13:36.239 [Thread-34] ERROR com.uestc.thresholddkg.Server.user.startToken - startTokens{"id":"bob","passwd":"ef51306214d9a6361ee1d5b452e6d2bb70dc7ebb85bf9e02c3d4747fb57d6bec"}
2023-04-27 11:13:38.774 [Thread-34] ERROR com.uestc.thresholddkg.Server.user.startToken - isExist 5
2023-04-27 11:13:38.799 [pool-3-thread-9] ERROR com.uestc.thresholddkg.Server.handle.StartDKG - START DKG bob|Passwd
2023-04-27 11:13:38.800 [Thread-34] ERROR com.uestc.thresholddkg.Server.user.StartPRF - Uesr get PRF DKG_System(p=96126681748734720955390701092086018569304072692594126769921898621543394724224631743001827789452205737809487867566886451086598596712954442591791900841973177, q=12015835218591840119423837636510752321163009086574265846240237327692924340528078967875228473681525717226185983445860806385824824589119305323973987605246647, g=61241102407040129537539884702689865603035396461426853499095678445118337717177601267595369763378215474325509740768027480650101475117164419657125594827280953, h=22287259024981709157622527337577090366133298896373830279157590239239436982156812437413738322662727808949230720161212603315038450985345621347273652686696421)
2023-04-27 11:13:38.934 [Thread-34] ERROR c.u.thresholddkg.Server.user.TokenComm.GetTokenSi - 1 verify tokeni True
2023-04-27 11:13:38.935 [Thread-34] ERROR c.u.thresholddkg.Server.user.TokenComm.GetTokenSi - 2 verify tokeni True
2023-04-27 11:13:38.936 [Thread-34] ERROR c.u.thresholddkg.Server.user.TokenComm.GetTokenSi - 3 verify tokeni True
2023-04-27 11:13:38.937 [Thread-34] ERROR c.u.thresholddkg.Server.user.TokenComm.GetTokenSi - 5 verify tokeni True
2023-04-27 11:13:49.892 [pool-3-thread-5] ERROR com.uestc.thresholddkg.Server.handle.StartDKG - START DKG alice|Passwd
2023-04-27 11:26:30.408 [pool-3-thread-10] ERROR com.uestc.thresholddkg.Server.handle.TestHandle - shutDown7
2023-04-27 11:26:31.916 [pool-3-thread-17] ERROR com.uestc.thresholddkg.Server.handle.TestHandle - shutDown6
2023-04-27 11:47:15.912 [pool-18-thread-14] ERROR com.uestc.thresholddkg.Server.communicate.SendUri -  Connect to FAILhttps://127.0.0.10:9070/verifyGetPrfI
2023-04-27 11:47:15.928 [pool-18-thread-13] ERROR com.uestc.thresholddkg.Server.communicate.SendUri -  Connect to FAILhttps://127.0.0.10:9060/verifyGetPrfI
2023-04-27 11:47:21.736 [Thread-34] ERROR com.uestc.thresholddkg.Server.user.startToken - startTokens
2023-04-27 11:47:21.738 [Thread-34] ERROR com.uestc.thresholddkg.Server.user.startToken - startTokens{"id":"sum","passwd":"a1e48daec54145146b89d816a089ba3294d2748796b8491e9a719d54d2ca0b8a"}
2023-04-27 11:47:24.298 [Thread-34] ERROR com.uestc.thresholddkg.Server.user.startToken - isExist 5
2023-04-27 11:47:24.321 [pool-3-thread-9] ERROR com.uestc.thresholddkg.Server.handle.StartDKG - START DKG sum|Passwd
2023-04-27 11:47:24.323 [Thread-34] ERROR com.uestc.thresholddkg.Server.user.StartPRF - Uesr get PRF DKG_System(p=82012146070955493286253826186828968986511856968166503649698884429238356800766204164426908248414083601372958925330190888881379059646997759425537937280514553, q=10251518258869436660781728273353621123313982121020812956212360553654794600095775520553363531051760450171619865666273861110172382455874719928192242160064319, g=53879513500165342609295701043582523765187859291418393658637898717851190141384373040694037548643503756257408857981826408255219580771135749555294199704853452, h=64659869968783607530283364018364992359964349632984568592296364180576698138613614257762023345774606711683309994363997031353462528518506408018571224938090639)
2023-04-27 11:47:24.442 [Thread-34] ERROR c.u.thresholddkg.Server.user.TokenComm.GetTokenSi - 2 verify tokeni True
2023-04-27 11:47:24.444 [Thread-34] ERROR c.u.thresholddkg.Server.user.TokenComm.GetTokenSi - 3 verify tokeni True
2023-04-27 11:47:24.446 [Thread-34] ERROR c.u.thresholddkg.Server.user.TokenComm.GetTokenSi - 4 verify tokeni True
2023-04-27 11:47:24.448 [Thread-34] ERROR c.u.thresholddkg.Server.user.TokenComm.GetTokenSi - 5 verify tokeni True
2023-04-27 11:48:01.654 [pool-18-thread-11] ERROR com.uestc.thresholddkg.Server.communicate.SendUri -  Connect to FAILhttps://127.0.0.10:9060/verifyGetPrfI
2023-04-27 11:48:01.685 [pool-18-thread-3] ERROR com.uestc.thresholddkg.Server.communicate.SendUri -  Connect to FAILhttps://127.0.0.10:9070/verifyGetPrfI
2023-04-27 12:05:17.052 [restartedMain] WARN  c.b.mybatisplus.core.metadata.TableInfoHelper - Can not find table primary key in Class: "com.uestc.thresholddkg.Server.persist.ServPrfs".
2023-04-27 12:05:18.622 [restartedMain] WARN  o.s.b.d.autoconfigure.OptionalLiveReloadServer - Unable to start LiveReload server
2023-04-27 12:06:29.695 [restartedMain] WARN  c.b.mybatisplus.core.metadata.TableInfoHelper - Can not find table primary key in Class: "com.uestc.thresholddkg.Server.persist.ServPrfs".
2023-04-27 12:06:31.379 [restartedMain] WARN  o.s.b.d.autoconfigure.OptionalLiveReloadServer - Unable to start LiveReload server
2023-04-27 12:12:29.695 [Thread-32] ERROR com.uestc.thresholddkg.Server.user.startToken - startTokens
2023-04-27 12:12:29.698 [Thread-32] ERROR com.uestc.thresholddkg.Server.user.startToken - startTokens{"id":"ppp","passwd":"a1e48daec54145146b89d816a089ba3294d2748796b8491e9a719d54d2ca0b8a"}
2023-04-27 12:12:30.272 [Thread-32] ERROR com.uestc.thresholddkg.Server.user.startToken - isExist 7
2023-04-27 12:12:30.303 [pool-3-thread-3] ERROR com.uestc.thresholddkg.Server.handle.StartDKG - START DKG ppp|Passwd
2023-04-27 12:12:30.306 [Thread-32] ERROR com.uestc.thresholddkg.Server.user.StartPRF - Uesr get PRF DKG_System(p=60345187101979544406680886053898973358044815398647524107359366471165896553184593544748077531493756821456707538946028350826286762700646050897773249069429129, q=7543148387747443050835110756737371669755601924830940513419920808895737069148074193093509691436719602682088442368253543853285845337580756362221656133678641, g=16901015408618697595429383054739423612087750378715287406992885716139862651673119444543099792745155057996979391400573313265480122059339320915278036914349251, h=16695508424127891699162020994690851043517408006679735847764015302629035855220484567218910720496356825545492858277546763739476214060125120974763040504043007)
2023-04-27 12:12:30.540 [Thread-32] ERROR c.u.thresholddkg.Server.user.TokenComm.GetTokenSi - 4 verify tokeni True
2023-04-27 12:12:30.541 [Thread-32] ERROR c.u.thresholddkg.Server.user.TokenComm.GetTokenSi - 5 verify tokeni True
2023-04-27 12:12:30.543 [Thread-32] ERROR c.u.thresholddkg.Server.user.TokenComm.GetTokenSi - 6 verify tokeni True
2023-04-27 12:12:30.544 [Thread-32] ERROR c.u.thresholddkg.Server.user.TokenComm.GetTokenSi - 7 verify tokeni True
2023-04-27 16:51:09.741 [restartedMain] WARN  c.b.mybatisplus.core.metadata.TableInfoHelper - Can not find table primary key in Class: "com.uestc.thresholddkg.Server.persist.ServPrfs".
2023-04-27 16:51:11.748 [restartedMain] WARN  o.s.b.d.autoconfigure.OptionalLiveReloadServer - Unable to start LiveReload server
2023-04-27 16:53:16.196 [Thread-42] ERROR com.uestc.thresholddkg.Server.user.startToken - startTokens
2023-04-27 16:53:16.200 [Thread-42] ERROR com.uestc.thresholddkg.Server.user.startToken - startTokens{"id":"sss","passwd":"76a9ba5b24836e8a0f6ebe8d1bcf76cd4862df7dcc128da77d5d9c29b46a0235"}
2023-04-27 16:53:16.774 [Thread-42] ERROR com.uestc.thresholddkg.Server.user.startToken - isExist 7
2023-04-27 16:53:16.799 [pool-3-thread-15] ERROR com.uestc.thresholddkg.Server.handle.StartDKG - START DKG sss|Passwd
2023-04-27 16:53:16.801 [Thread-42] ERROR com.uestc.thresholddkg.Server.user.StartPRF - Uesr get PRF DKG_System(p=60443000359053910776383446259014566117771277071242214281731923903679616923391955731790443870337401887047567498934065617738088498694175434270655814358947833, q=7555375044881738847047930782376820764721409633905276785216490487959952115423994466473805483792175235880945937366758202217261062336771929283831976794868479, g=57202666031162357824510599762507092012216848966130452443060457968440156188150947770277522758435435823703889480909438594206126743715626732938292538516815161, h=434727801353104309133521606189911172640268686514934122519971713605241446231832356021337893506079347644929736633534375912816660182902584096764680684358941)
2023-04-27 16:53:17.021 [Thread-42] ERROR c.u.thresholddkg.Server.user.TokenComm.GetTokenSi - 1 verify tokeni True
2023-04-27 16:53:17.023 [Thread-42] ERROR c.u.thresholddkg.Server.user.TokenComm.GetTokenSi - 4 verify tokeni True
2023-04-27 16:53:17.024 [Thread-42] ERROR c.u.thresholddkg.Server.user.TokenComm.GetTokenSi - 5 verify tokeni True
2023-04-27 16:53:17.026 [Thread-42] ERROR c.u.thresholddkg.Server.user.TokenComm.GetTokenSi - 6 verify tokeni True
2023-04-27 16:54:01.388 [Thread-42] ERROR com.uestc.thresholddkg.Server.user.startToken - startTokens
2023-04-27 16:54:01.391 [Thread-42] ERROR com.uestc.thresholddkg.Server.user.startToken - startTokens{"id":"alice","passwd":"ef51306214d9a6361ee1d5b452e6d2bb70dc7ebb85bf9e02c3d4747fb57d6bec"}
2023-04-27 16:54:01.960 [Thread-42] ERROR com.uestc.thresholddkg.Server.user.startToken - isExist 7
2023-04-27 16:54:01.987 [pool-3-thread-7] ERROR com.uestc.thresholddkg.Server.handle.StartDKG - START DKG alice|Passwd
2023-04-27 16:54:01.989 [Thread-42] ERROR com.uestc.thresholddkg.Server.user.StartPRF - Uesr get PRF DKG_System(p=60997687434839276473877927988160438009885706199271565673024315060154950048471830662208844727617170660828104252868168645479449620494689821319851573990788889, q=7624710929354909559234740998520054751235713274908945709128039382519368756058978832776105590952146332603513031608521080684931202561836227664981446748848611, g=17354108764360064183634603655001512497609238625797834836472436909021646999366768087253173569197226926312519450539658998023685691982585129644978929494073800, h=19120286769781509491722016933385941423909386295435089028769530589141178512079621614191186474101312460151521029104145959237251617075626879448400277517499577)
2023-04-27 16:54:02.135 [Thread-42] WARN  c.u.thresholddkg.Server.user.TokenComm.GetTokenSi - VERY ERROR!!!!
2023-04-27 16:54:14.649 [Thread-42] ERROR com.uestc.thresholddkg.Server.user.startToken - startTokens
2023-04-27 16:54:14.651 [Thread-42] ERROR com.uestc.thresholddkg.Server.user.startToken - startTokens{"id":"alice","passwd":"8d969eef6ecad3c29a3a629280e686cf0c3f5d5a86aff3ca12020c923adc6c92"}
2023-04-27 16:54:15.235 [Thread-42] ERROR com.uestc.thresholddkg.Server.user.startToken - isExist 7
2023-04-27 16:54:15.268 [pool-3-thread-18] ERROR com.uestc.thresholddkg.Server.handle.StartDKG - START DKG alice|Passwd
2023-04-27 16:54:15.270 [Thread-42] ERROR com.uestc.thresholddkg.Server.user.StartPRF - Uesr get PRF DKG_System(p=60997687434839276473877927988160438009885706199271565673024315060154950048471830662208844727617170660828104252868168645479449620494689821319851573990788889, q=7624710929354909559234740998520054751235713274908945709128039382519368756058978832776105590952146332603513031608521080684931202561836227664981446748848611, g=17354108764360064183634603655001512497609238625797834836472436909021646999366768087253173569197226926312519450539658998023685691982585129644978929494073800, h=19120286769781509491722016933385941423909386295435089028769530589141178512079621614191186474101312460151521029104145959237251617075626879448400277517499577)
2023-04-27 16:54:15.400 [Thread-42] ERROR c.u.thresholddkg.Server.user.TokenComm.GetTokenSi - 3 verify tokeni True
2023-04-27 16:54:15.402 [Thread-42] ERROR c.u.thresholddkg.Server.user.TokenComm.GetTokenSi - 4 verify tokeni True
2023-04-27 16:54:15.403 [Thread-42] ERROR c.u.thresholddkg.Server.user.TokenComm.GetTokenSi - 6 verify tokeni True
2023-04-27 16:54:15.405 [Thread-42] ERROR c.u.thresholddkg.Server.user.TokenComm.GetTokenSi - 7 verify tokeni True
2023-04-27 20:24:51.808 [restartedMain] WARN  c.b.mybatisplus.core.metadata.TableInfoHelper - Can not find table primary key in Class: "com.uestc.thresholddkg.Server.persist.ServPrfs".
2023-04-27 20:25:30.813 [Thread-38] ERROR com.uestc.thresholddkg.Server.user.startToken - startTokens
2023-04-27 20:25:30.815 [Thread-38] ERROR com.uestc.thresholddkg.Server.user.startToken - startTokens{"id":"alice","passwd":"8d969eef6ecad3c29a3a629280e686cf0c3f5d5a86aff3ca12020c923adc6c92"}
2023-04-27 20:25:31.434 [Thread-38] ERROR com.uestc.thresholddkg.Server.user.startToken - isExist 7
2023-04-27 20:25:31.467 [pool-3-thread-2] ERROR com.uestc.thresholddkg.Server.handle.StartDKG - START DKG alice|Passwd
2023-04-27 20:25:31.672 [Thread-38] ERROR com.uestc.thresholddkg.Server.user.StartPRF - Uesr get PRF DKG_System(p=60997687434839276473877927988160438009885706199271565673024315060154950048471830662208844727617170660828104252868168645479449620494689821319851573990788889, q=7624710929354909559234740998520054751235713274908945709128039382519368756058978832776105590952146332603513031608521080684931202561836227664981446748848611, g=17354108764360064183634603655001512497609238625797834836472436909021646999366768087253173569197226926312519450539658998023685691982585129644978929494073800, h=19120286769781509491722016933385941423909386295435089028769530589141178512079621614191186474101312460151521029104145959237251617075626879448400277517499577)
2023-04-27 20:25:32.034 [Thread-38] ERROR c.u.thresholddkg.Server.user.TokenComm.GetTokenSi - 1 verify tokeni True
2023-04-27 20:25:32.036 [Thread-38] ERROR c.u.thresholddkg.Server.user.TokenComm.GetTokenSi - 2 verify tokeni True
2023-04-27 20:25:32.037 [Thread-38] ERROR c.u.thresholddkg.Server.user.TokenComm.GetTokenSi - 4 verify tokeni True
2023-04-27 20:25:32.039 [Thread-38] ERROR c.u.thresholddkg.Server.user.TokenComm.GetTokenSi - 5 verify tokeni True
2023-04-27 20:32:11.188 [Thread-38] ERROR com.uestc.thresholddkg.Server.user.startToken - startTokens
2023-04-27 20:32:11.190 [Thread-38] ERROR com.uestc.thresholddkg.Server.user.startToken - startTokens{"id":"alice","passwd":"8d969eef6ecad3c29a3a629280e686cf0c3f5d5a86aff3ca12020c923adc6c92"}
2023-04-27 20:32:11.764 [Thread-38] ERROR com.uestc.thresholddkg.Server.user.startToken - isExist 7
2023-04-27 20:32:11.796 [pool-3-thread-2] ERROR com.uestc.thresholddkg.Server.handle.StartDKG - START DKG alice|Passwd
2023-04-27 20:32:11.798 [Thread-38] ERROR com.uestc.thresholddkg.Server.user.StartPRF - Uesr get PRF DKG_System(p=60997687434839276473877927988160438009885706199271565673024315060154950048471830662208844727617170660828104252868168645479449620494689821319851573990788889, q=7624710929354909559234740998520054751235713274908945709128039382519368756058978832776105590952146332603513031608521080684931202561836227664981446748848611, g=17354108764360064183634603655001512497609238625797834836472436909021646999366768087253173569197226926312519450539658998023685691982585129644978929494073800, h=19120286769781509491722016933385941423909386295435089028769530589141178512079621614191186474101312460151521029104145959237251617075626879448400277517499577)
2023-04-27 20:32:11.948 [Thread-38] ERROR c.u.thresholddkg.Server.user.TokenComm.GetTokenSi - 2 verify tokeni True
2023-04-27 20:32:11.950 [Thread-38] ERROR c.u.thresholddkg.Server.user.TokenComm.GetTokenSi - 4 verify tokeni True
2023-04-27 20:32:11.952 [Thread-38] ERROR c.u.thresholddkg.Server.user.TokenComm.GetTokenSi - 5 verify tokeni True
2023-04-27 20:32:11.954 [Thread-38] ERROR c.u.thresholddkg.Server.user.TokenComm.GetTokenSi - 7 verify tokeni True
2023-04-27 20:32:24.995 [Thread-38] ERROR com.uestc.thresholddkg.Server.user.startToken - startTokens
2023-04-27 20:32:24.997 [Thread-38] ERROR com.uestc.thresholddkg.Server.user.startToken - startTokens{"id":"alice","passwd":"8d969eef6ecad3c29a3a629280e686cf0c3f5d5a86aff3ca12020c923adc6c92"}
2023-04-27 20:32:25.575 [Thread-38] ERROR com.uestc.thresholddkg.Server.user.startToken - isExist 7
2023-04-27 20:32:25.602 [pool-3-thread-6] ERROR com.uestc.thresholddkg.Server.handle.StartDKG - START DKG alice|Passwd
2023-04-27 20:32:25.605 [Thread-38] ERROR com.uestc.thresholddkg.Server.user.StartPRF - Uesr get PRF DKG_System(p=60997687434839276473877927988160438009885706199271565673024315060154950048471830662208844727617170660828104252868168645479449620494689821319851573990788889, q=7624710929354909559234740998520054751235713274908945709128039382519368756058978832776105590952146332603513031608521080684931202561836227664981446748848611, g=17354108764360064183634603655001512497609238625797834836472436909021646999366768087253173569197226926312519450539658998023685691982585129644978929494073800, h=19120286769781509491722016933385941423909386295435089028769530589141178512079621614191186474101312460151521029104145959237251617075626879448400277517499577)
2023-04-27 20:32:25.752 [Thread-38] ERROR c.u.thresholddkg.Server.user.TokenComm.GetTokenSi - 3 verify tokeni True
2023-04-27 20:32:25.754 [Thread-38] ERROR c.u.thresholddkg.Server.user.TokenComm.GetTokenSi - 4 verify tokeni True
2023-04-27 20:32:25.755 [Thread-38] ERROR c.u.thresholddkg.Server.user.TokenComm.GetTokenSi - 5 verify tokeni True
2023-04-27 20:32:25.757 [Thread-38] ERROR c.u.thresholddkg.Server.user.TokenComm.GetTokenSi - 7 verify tokeni True
2023-04-27 20:34:22.030 [Thread-38] ERROR com.uestc.thresholddkg.Server.user.startToken - startTokens
2023-04-27 20:34:22.033 [Thread-38] ERROR com.uestc.thresholddkg.Server.user.startToken - startTokens{"id":"alice","passwd":"8d969eef6ecad3c29a3a629280e686cf0c3f5d5a86aff3ca12020c923adc6c92"}
2023-04-27 20:34:22.595 [Thread-38] ERROR com.uestc.thresholddkg.Server.user.startToken - isExist 7
2023-04-27 20:34:22.618 [pool-3-thread-20] ERROR com.uestc.thresholddkg.Server.handle.StartDKG - START DKG alice|Passwd
2023-04-27 20:34:22.621 [Thread-38] ERROR com.uestc.thresholddkg.Server.user.StartPRF - Uesr get PRF DKG_System(p=60997687434839276473877927988160438009885706199271565673024315060154950048471830662208844727617170660828104252868168645479449620494689821319851573990788889, q=7624710929354909559234740998520054751235713274908945709128039382519368756058978832776105590952146332603513031608521080684931202561836227664981446748848611, g=17354108764360064183634603655001512497609238625797834836472436909021646999366768087253173569197226926312519450539658998023685691982585129644978929494073800, h=19120286769781509491722016933385941423909386295435089028769530589141178512079621614191186474101312460151521029104145959237251617075626879448400277517499577)
2023-04-27 20:34:22.762 [Thread-38] ERROR c.u.thresholddkg.Server.user.TokenComm.GetTokenSi - 2 verify tokeni True
2023-04-27 20:34:22.763 [Thread-38] ERROR c.u.thresholddkg.Server.user.TokenComm.GetTokenSi - 4 verify tokeni True
2023-04-27 20:34:22.764 [Thread-38] ERROR c.u.thresholddkg.Server.user.TokenComm.GetTokenSi - 5 verify tokeni True
2023-04-27 20:34:22.765 [Thread-38] ERROR c.u.thresholddkg.Server.user.TokenComm.GetTokenSi - 6 verify tokeni True
2023-04-27 20:42:05.553 [Thread-38] ERROR com.uestc.thresholddkg.Server.user.startToken - startTokens
2023-04-27 20:42:05.556 [Thread-38] ERROR com.uestc.thresholddkg.Server.user.startToken - startTokens{"id":"alice","passwd":"8d969eef6ecad3c29a3a629280e686cf0c3f5d5a86aff3ca12020c923adc6c92"}
2023-04-27 20:42:06.127 [Thread-38] ERROR com.uestc.thresholddkg.Server.user.startToken - isExist 7
2023-04-27 20:42:06.153 [pool-3-thread-8] ERROR com.uestc.thresholddkg.Server.handle.StartDKG - START DKG alice|Passwd
2023-04-27 20:42:06.155 [Thread-38] ERROR com.uestc.thresholddkg.Server.user.StartPRF - Uesr get PRF DKG_System(p=60997687434839276473877927988160438009885706199271565673024315060154950048471830662208844727617170660828104252868168645479449620494689821319851573990788889, q=7624710929354909559234740998520054751235713274908945709128039382519368756058978832776105590952146332603513031608521080684931202561836227664981446748848611, g=17354108764360064183634603655001512497609238625797834836472436909021646999366768087253173569197226926312519450539658998023685691982585129644978929494073800, h=19120286769781509491722016933385941423909386295435089028769530589141178512079621614191186474101312460151521029104145959237251617075626879448400277517499577)
2023-04-27 20:42:06.288 [Thread-38] ERROR c.u.thresholddkg.Server.user.TokenComm.GetTokenSi - 2 verify tokeni True
2023-04-27 20:42:06.290 [Thread-38] ERROR c.u.thresholddkg.Server.user.TokenComm.GetTokenSi - 4 verify tokeni True
2023-04-27 20:42:06.291 [Thread-38] ERROR c.u.thresholddkg.Server.user.TokenComm.GetTokenSi - 5 verify tokeni True
2023-04-27 20:42:06.293 [Thread-38] ERROR c.u.thresholddkg.Server.user.TokenComm.GetTokenSi - 7 verify tokeni True
2023-04-27 20:49:18.679 [Thread-38] ERROR com.uestc.thresholddkg.Server.user.startToken - startTokens
2023-04-27 20:49:18.681 [Thread-38] ERROR com.uestc.thresholddkg.Server.user.startToken - startTokens{"id":"alice","passwd":"8d969eef6ecad3c29a3a629280e686cf0c3f5d5a86aff3ca12020c923adc6c92"}
2023-04-27 20:49:19.254 [Thread-38] ERROR com.uestc.thresholddkg.Server.user.startToken - isExist 7
2023-04-27 20:49:19.277 [pool-3-thread-20] ERROR com.uestc.thresholddkg.Server.handle.StartDKG - START DKG alice|Passwd
2023-04-27 20:49:19.279 [Thread-38] ERROR com.uestc.thresholddkg.Server.user.StartPRF - Uesr get PRF DKG_System(p=60997687434839276473877927988160438009885706199271565673024315060154950048471830662208844727617170660828104252868168645479449620494689821319851573990788889, q=7624710929354909559234740998520054751235713274908945709128039382519368756058978832776105590952146332603513031608521080684931202561836227664981446748848611, g=17354108764360064183634603655001512497609238625797834836472436909021646999366768087253173569197226926312519450539658998023685691982585129644978929494073800, h=19120286769781509491722016933385941423909386295435089028769530589141178512079621614191186474101312460151521029104145959237251617075626879448400277517499577)
2023-04-27 20:49:19.414 [Thread-38] ERROR c.u.thresholddkg.Server.user.TokenComm.GetTokenSi - 1 verify tokeni True
2023-04-27 20:49:19.415 [Thread-38] ERROR c.u.thresholddkg.Server.user.TokenComm.GetTokenSi - 3 verify tokeni True
2023-04-27 20:49:19.416 [Thread-38] ERROR c.u.thresholddkg.Server.user.TokenComm.GetTokenSi - 5 verify tokeni True
2023-04-27 20:49:19.417 [Thread-38] ERROR c.u.thresholddkg.Server.user.TokenComm.GetTokenSi - 7 verify tokeni True
2023-04-27 20:52:29.401 [Thread-38] ERROR com.uestc.thresholddkg.Server.user.startToken - startTokens
2023-04-27 20:52:29.405 [Thread-38] ERROR com.uestc.thresholddkg.Server.user.startToken - startTokens{"id":"alice","passwd":"8d969eef6ecad3c29a3a629280e686cf0c3f5d5a86aff3ca12020c923adc6c92"}
2023-04-27 20:52:29.981 [Thread-38] ERROR com.uestc.thresholddkg.Server.user.startToken - isExist 7
2023-04-27 20:52:30.005 [pool-3-thread-13] ERROR com.uestc.thresholddkg.Server.handle.StartDKG - START DKG alice|Passwd
2023-04-27 20:52:30.007 [Thread-38] ERROR com.uestc.thresholddkg.Server.user.StartPRF - Uesr get PRF DKG_System(p=60997687434839276473877927988160438009885706199271565673024315060154950048471830662208844727617170660828104252868168645479449620494689821319851573990788889, q=7624710929354909559234740998520054751235713274908945709128039382519368756058978832776105590952146332603513031608521080684931202561836227664981446748848611, g=17354108764360064183634603655001512497609238625797834836472436909021646999366768087253173569197226926312519450539658998023685691982585129644978929494073800, h=19120286769781509491722016933385941423909386295435089028769530589141178512079621614191186474101312460151521029104145959237251617075626879448400277517499577)
2023-04-27 20:52:30.133 [Thread-38] ERROR c.u.thresholddkg.Server.user.TokenComm.GetTokenSi - 3 verify tokeni True
2023-04-27 20:52:30.134 [Thread-38] ERROR c.u.thresholddkg.Server.user.TokenComm.GetTokenSi - 4 verify tokeni True
2023-04-27 20:52:30.135 [Thread-38] ERROR c.u.thresholddkg.Server.user.TokenComm.GetTokenSi - 5 verify tokeni True
2023-04-27 20:52:30.137 [Thread-38] ERROR c.u.thresholddkg.Server.user.TokenComm.GetTokenSi - 7 verify tokeni True
2023-04-27 20:54:06.253 [restartedMain] WARN  c.b.mybatisplus.core.metadata.TableInfoHelper - Can not find table primary key in Class: "com.uestc.thresholddkg.Server.persist.ServPrfs".
2023-04-27 20:55:36.310 [Thread-32] ERROR com.uestc.thresholddkg.Server.user.startToken - startTokens
2023-04-27 20:55:36.313 [Thread-32] ERROR com.uestc.thresholddkg.Server.user.startToken - startTokens{"id":"alice","passwd":"8d969eef6ecad3c29a3a629280e686cf0c3f5d5a86aff3ca12020c923adc6c92"}
2023-04-27 20:55:36.927 [Thread-32] ERROR com.uestc.thresholddkg.Server.user.startToken - isExist 7
2023-04-27 20:55:36.956 [pool-3-thread-6] ERROR com.uestc.thresholddkg.Server.handle.StartDKG - START DKG alice|Passwd
2023-04-27 20:55:36.962 [Thread-32] ERROR com.uestc.thresholddkg.Server.user.StartPRF - Uesr get PRF DKG_System(p=60997687434839276473877927988160438009885706199271565673024315060154950048471830662208844727617170660828104252868168645479449620494689821319851573990788889, q=7624710929354909559234740998520054751235713274908945709128039382519368756058978832776105590952146332603513031608521080684931202561836227664981446748848611, g=17354108764360064183634603655001512497609238625797834836472436909021646999366768087253173569197226926312519450539658998023685691982585129644978929494073800, h=19120286769781509491722016933385941423909386295435089028769530589141178512079621614191186474101312460151521029104145959237251617075626879448400277517499577)
2023-04-27 20:55:37.255 [Thread-32] ERROR c.u.thresholddkg.Server.user.TokenComm.GetTokenSi - 2 verify tokeni True
2023-04-27 20:55:37.256 [Thread-32] ERROR c.u.thresholddkg.Server.user.TokenComm.GetTokenSi - 3 verify tokeni True
2023-04-27 20:55:37.259 [Thread-32] ERROR c.u.thresholddkg.Server.user.TokenComm.GetTokenSi - 4 verify tokeni True
2023-04-27 20:55:37.260 [Thread-32] ERROR c.u.thresholddkg.Server.user.TokenComm.GetTokenSi - 6 verify tokeni True
2023-04-27 20:56:08.729 [restartedMain] WARN  c.b.mybatisplus.core.metadata.TableInfoHelper - Can not find table primary key in Class: "com.uestc.thresholddkg.Server.persist.ServPrfs".
2023-04-27 20:56:19.708 [restartedMain] WARN  c.b.mybatisplus.core.metadata.TableInfoHelper - Can not find table primary key in Class: "com.uestc.thresholddkg.Server.persist.ServPrfs".
2023-04-27 20:57:24.162 [restartedMain] WARN  c.b.mybatisplus.core.metadata.TableInfoHelper - Can not find table primary key in Class: "com.uestc.thresholddkg.Server.persist.ServPrfs".
2023-04-27 20:58:47.838 [Thread-31] ERROR com.uestc.thresholddkg.Server.user.startToken - startTokens
2023-04-27 20:58:47.843 [Thread-31] ERROR com.uestc.thresholddkg.Server.user.startToken - startTokens{"id":"alice","passwd":"8d969eef6ecad3c29a3a629280e686cf0c3f5d5a86aff3ca12020c923adc6c92"}
2023-04-27 20:58:48.434 [Thread-31] ERROR com.uestc.thresholddkg.Server.user.startToken - isExist 7
2023-04-27 20:58:48.461 [pool-3-thread-1] ERROR com.uestc.thresholddkg.Server.handle.StartDKG - START DKG alice|Passwd
2023-04-27 20:58:48.468 [Thread-31] ERROR com.uestc.thresholddkg.Server.user.StartPRF - Uesr get PRF DKG_System(p=60997687434839276473877927988160438009885706199271565673024315060154950048471830662208844727617170660828104252868168645479449620494689821319851573990788889, q=7624710929354909559234740998520054751235713274908945709128039382519368756058978832776105590952146332603513031608521080684931202561836227664981446748848611, g=17354108764360064183634603655001512497609238625797834836472436909021646999366768087253173569197226926312519450539658998023685691982585129644978929494073800, h=19120286769781509491722016933385941423909386295435089028769530589141178512079621614191186474101312460151521029104145959237251617075626879448400277517499577)
2023-04-27 20:58:48.697 [Thread-31] ERROR c.u.thresholddkg.Server.user.TokenComm.GetTokenSi - 2 verify tokeni True
2023-04-27 20:58:48.699 [Thread-31] ERROR c.u.thresholddkg.Server.user.TokenComm.GetTokenSi - 3 verify tokeni True
2023-04-27 20:58:48.700 [Thread-31] ERROR c.u.thresholddkg.Server.user.TokenComm.GetTokenSi - 4 verify tokeni True
2023-04-27 20:58:48.702 [Thread-31] ERROR c.u.thresholddkg.Server.user.TokenComm.GetTokenSi - 7 verify tokeni True
2023-04-27 21:04:07.111 [Thread-31] ERROR com.uestc.thresholddkg.Server.user.startToken - startTokens
2023-04-27 21:04:07.113 [Thread-31] ERROR com.uestc.thresholddkg.Server.user.startToken - startTokens{"id":"james","passwd":"ef51306214d9a6361ee1d5b452e6d2bb70dc7ebb85bf9e02c3d4747fb57d6bec"}
2023-04-27 21:04:07.685 [Thread-31] ERROR com.uestc.thresholddkg.Server.user.startToken - isExist 7
2023-04-27 21:04:07.714 [pool-3-thread-9] ERROR com.uestc.thresholddkg.Server.handle.StartDKG - START DKG james|Passwd
2023-04-27 21:04:07.716 [Thread-31] ERROR com.uestc.thresholddkg.Server.user.StartPRF - Uesr get PRF DKG_System(p=74827754630038438041232313357140118708841777966491814775187319435458632113735680103643684583485264041033531537006466317404995288275876059980345825881045689, q=9353469328754804755154039169642514838605222245811476846898414929432329014216960012955460572935658005129191442125808289675624411034484507497543228235130711, g=57715577733032524829768809206220045140812471595885660724455409948937968288921066037404700106685649160472982908418821862141030754451971832269637737608093861, h=62294559759152542458207054146590360255603756994594472022769442742099623287427965615307746522971966797098643180830088951035254993433908056066312024036633985)
2023-04-27 21:04:07.872 [Thread-31] ERROR c.u.thresholddkg.Server.user.TokenComm.GetTokenSi - 1 verify tokeni True
2023-04-27 21:04:07.874 [Thread-31] ERROR c.u.thresholddkg.Server.user.TokenComm.GetTokenSi - 2 verify tokeni True
2023-04-27 21:04:07.876 [Thread-31] ERROR c.u.thresholddkg.Server.user.TokenComm.GetTokenSi - 4 verify tokeni True
2023-04-27 21:04:07.877 [Thread-31] ERROR c.u.thresholddkg.Server.user.TokenComm.GetTokenSi - 7 verify tokeni True
2023-04-27 21:04:36.233 [pool-3-thread-16] ERROR c.u.t.Server.handle.PrfsHandle.verifyPrfI - Verify PrfI error 1
2023-04-27 21:04:36.245 [pool-3-thread-13] ERROR c.u.t.Server.handle.PrfsHandle.verifyPrfI - Verify PrfI error 6
2023-04-27 21:04:36.246 [pool-3-thread-14] ERROR c.u.t.Server.handle.PrfsHandle.verifyPrfI - Verify PrfI error 2
2023-04-27 21:04:36.247 [pool-3-thread-1] ERROR c.u.t.Server.handle.PrfsHandle.verifyPrfI - Verify PrfI error 5
2023-04-27 21:04:36.268 [pool-3-thread-15] ERROR c.u.t.Server.handle.PrfsHandle.verifyPrfI - Verify PrfI error 4
2023-04-27 21:04:36.271 [pool-3-thread-19] ERROR c.u.t.Server.handle.PrfsHandle.verifyPrfI - Verify PrfI error 3
2023-04-27 21:04:36.282 [pool-3-thread-6] ERROR c.u.t.Server.handle.PrfsHandle.verifyPrfI - Verify PrfI error 7
2023-04-27 21:04:43.642 [Thread-31] ERROR com.uestc.thresholddkg.Server.user.startToken - startTokens
2023-04-27 21:04:43.644 [Thread-31] ERROR com.uestc.thresholddkg.Server.user.startToken - startTokens{"id":"james","passwd":"f633b7331e0fb2dbe949cc5d4f038642e37cadde642187c3aca262308addf57a"}
2023-04-27 21:04:44.213 [Thread-31] ERROR com.uestc.thresholddkg.Server.user.startToken - isExist 7
2023-04-27 21:04:44.235 [pool-3-thread-17] ERROR com.uestc.thresholddkg.Server.handle.StartDKG - START DKG james|Passwd
2023-04-27 21:04:44.236 [Thread-31] ERROR com.uestc.thresholddkg.Server.user.StartPRF - Uesr get PRF DKG_System(p=74827754630038438041232313357140118708841777966491814775187319435458632113735680103643684583485264041033531537006466317404995288275876059980345825881045689, q=9353469328754804755154039169642514838605222245811476846898414929432329014216960012955460572935658005129191442125808289675624411034484507497543228235130711, g=57715577733032524829768809206220045140812471595885660724455409948937968288921066037404700106685649160472982908418821862141030754451971832269637737608093861, h=62294559759152542458207054146590360255603756994594472022769442742099623287427965615307746522971966797098643180830088951035254993433908056066312024036633985)
2023-04-27 21:04:44.365 [Thread-31] WARN  c.u.thresholddkg.Server.user.TokenComm.GetTokenSi - VERY ERROR!!!!
2023-04-27 21:04:51.350 [Thread-31] ERROR com.uestc.thresholddkg.Server.user.startToken - startTokens
2023-04-27 21:04:51.353 [Thread-31] ERROR com.uestc.thresholddkg.Server.user.startToken - startTokens{"id":"james","passwd":"ef51306214d9a6361ee1d5b452e6d2bb70dc7ebb85bf9e02c3d4747fb57d6bec"}
2023-04-27 21:04:51.918 [Thread-31] ERROR com.uestc.thresholddkg.Server.user.startToken - isExist 7
2023-04-27 21:04:51.945 [pool-3-thread-5] ERROR com.uestc.thresholddkg.Server.handle.StartDKG - START DKG james|Passwd
2023-04-27 21:04:51.946 [Thread-31] ERROR com.uestc.thresholddkg.Server.user.StartPRF - Uesr get PRF DKG_System(p=74827754630038438041232313357140118708841777966491814775187319435458632113735680103643684583485264041033531537006466317404995288275876059980345825881045689, q=9353469328754804755154039169642514838605222245811476846898414929432329014216960012955460572935658005129191442125808289675624411034484507497543228235130711, g=57715577733032524829768809206220045140812471595885660724455409948937968288921066037404700106685649160472982908418821862141030754451971832269637737608093861, h=62294559759152542458207054146590360255603756994594472022769442742099623287427965615307746522971966797098643180830088951035254993433908056066312024036633985)
2023-04-27 21:04:52.083 [Thread-31] ERROR c.u.thresholddkg.Server.user.TokenComm.GetTokenSi - 1 verify tokeni True
2023-04-27 21:04:52.084 [Thread-31] ERROR c.u.thresholddkg.Server.user.TokenComm.GetTokenSi - 5 verify tokeni True
2023-04-27 21:04:52.086 [Thread-31] ERROR c.u.thresholddkg.Server.user.TokenComm.GetTokenSi - 6 verify tokeni True
2023-04-27 21:04:52.087 [Thread-31] ERROR c.u.thresholddkg.Server.user.TokenComm.GetTokenSi - 7 verify tokeni True
2023-04-27 21:05:27.960 [Thread-31] ERROR com.uestc.thresholddkg.Server.user.startToken - startTokens
2023-04-27 21:05:27.962 [Thread-31] ERROR com.uestc.thresholddkg.Server.user.startToken - startTokens{"id":"bob","passwd":"f633b7331e0fb2dbe949cc5d4f038642e37cadde642187c3aca262308addf57a"}
2023-04-27 21:05:28.537 [Thread-31] ERROR com.uestc.thresholddkg.Server.user.startToken - isExist 7
2023-04-27 21:05:28.561 [pool-3-thread-5] ERROR com.uestc.thresholddkg.Server.handle.StartDKG - START DKG bob|Passwd
2023-04-27 21:05:28.563 [Thread-31] ERROR com.uestc.thresholddkg.Server.user.StartPRF - Uesr get PRF DKG_System(p=96126681748734720955390701092086018569304072692594126769921898621543394724224631743001827789452205737809487867566886451086598596712954442591791900841973177, q=12015835218591840119423837636510752321163009086574265846240237327692924340528078967875228473681525717226185983445860806385824824589119305323973987605246647, g=61241102407040129537539884702689865603035396461426853499095678445118337717177601267595369763378215474325509740768027480650101475117164419657125594827280953, h=22287259024981709157622527337577090366133298896373830279157590239239436982156812437413738322662727808949230720161212603315038450985345621347273652686696421)
2023-04-27 21:05:28.686 [Thread-31] WARN  c.u.thresholddkg.Server.user.TokenComm.GetTokenSi - VERY ERROR!!!!
2023-04-27 21:05:37.015 [Thread-31] ERROR com.uestc.thresholddkg.Server.user.startToken - startTokens
2023-04-27 21:05:37.017 [Thread-31] ERROR com.uestc.thresholddkg.Server.user.startToken - startTokens{"id":"bob","passwd":"f633b7331e0fb2dbe949cc5d4f038642e37cadde642187c3aca262308addf57a"}
2023-04-27 21:05:37.585 [Thread-31] ERROR com.uestc.thresholddkg.Server.user.startToken - isExist 7
2023-04-27 21:05:37.612 [pool-3-thread-8] ERROR com.uestc.thresholddkg.Server.handle.StartDKG - START DKG bob|Passwd
2023-04-27 21:05:37.614 [Thread-31] ERROR com.uestc.thresholddkg.Server.user.StartPRF - Uesr get PRF DKG_System(p=96126681748734720955390701092086018569304072692594126769921898621543394724224631743001827789452205737809487867566886451086598596712954442591791900841973177, q=12015835218591840119423837636510752321163009086574265846240237327692924340528078967875228473681525717226185983445860806385824824589119305323973987605246647, g=61241102407040129537539884702689865603035396461426853499095678445118337717177601267595369763378215474325509740768027480650101475117164419657125594827280953, h=22287259024981709157622527337577090366133298896373830279157590239239436982156812437413738322662727808949230720161212603315038450985345621347273652686696421)
2023-04-27 21:05:37.745 [Thread-31] WARN  c.u.thresholddkg.Server.user.TokenComm.GetTokenSi - VERY ERROR!!!!
2023-04-27 21:05:59.771 [Thread-31] ERROR com.uestc.thresholddkg.Server.user.startToken - startTokens
2023-04-27 21:05:59.773 [Thread-31] ERROR com.uestc.thresholddkg.Server.user.startToken - startTokens{"id":"zzz","passwd":"a1e48daec54145146b89d816a089ba3294d2748796b8491e9a719d54d2ca0b8a"}
2023-04-27 21:06:00.340 [Thread-31] ERROR com.uestc.thresholddkg.Server.user.startToken - isExist 7
2023-04-27 21:06:00.367 [pool-3-thread-9] ERROR com.uestc.thresholddkg.Server.handle.StartDKG - START DKG zzz|Passwd
2023-04-27 21:06:00.370 [Thread-31] ERROR com.uestc.thresholddkg.Server.user.StartPRF - Uesr get PRF DKG_System(p=54441934175645447142546173609718148863136594847259391860805996530096947860147399565751820204580223174338834418723372042993962162234419781758848073420451609, q=6805241771955680892818271701214768607892074355907423982600749566262118482518424945718977525572527896792354302340421505374245270279302472719856009177556451, g=43440785024842468617191464417937241213632279921908153615473871387220496567536288280750481781258518646109839987766711730518952612630576242359772460615269679, h=10436940701262317012947084789924190525331891064867156835225753370412492966606088734414994453807265102019297059098165173185171743848749007978605454366290563)
2023-04-27 21:06:00.514 [Thread-31] ERROR c.u.thresholddkg.Server.user.TokenComm.GetTokenSi - 3 verify tokeni True
2023-04-27 21:06:00.517 [Thread-31] ERROR c.u.thresholddkg.Server.user.TokenComm.GetTokenSi - 4 verify tokeni True
2023-04-27 21:06:00.519 [Thread-31] ERROR c.u.thresholddkg.Server.user.TokenComm.GetTokenSi - 6 verify tokeni True
2023-04-27 21:06:00.521 [Thread-31] ERROR c.u.thresholddkg.Server.user.TokenComm.GetTokenSi - 7 verify tokeni True
2023-04-27 21:13:10.852 [restartedMain] WARN  c.b.mybatisplus.core.metadata.TableInfoHelper - Can not find table primary key in Class: "com.uestc.thresholddkg.Server.persist.ServPrfs".
2023-04-27 21:13:13.202 [restartedMain] ERROR org.springframework.boot.SpringApplication - Application run failed
java.lang.IllegalStateException: java.lang.IllegalStateException: Logback configuration error detected: 
ERROR in ch.qos.logback.core.rolling.RollingFileAppender[fileAppender] - 'FileNamePattern' option has the same value "src/logs/logs/auth-api-ext-impl.%d{yyyyMMdd}.%i.log.gz" as that given for appender [fileAppender] defined earlier.
ERROR in ch.qos.logback.core.rolling.RollingFileAppender[fileAppender] - Collisions detected with FileAppender/RollingAppender instances defined earlier. Aborting.
ERROR in ch.qos.logback.core.rolling.RollingFileAppender[fileAppender] - For more information, please visit http://logback.qos.ch/codes.html#earlier_fa_collision
	at org.springframework.boot.context.logging.LoggingApplicationListener.initializeSystem(LoggingApplicationListener.java:344)
	at org.springframework.boot.context.logging.LoggingApplicationListener.initialize(LoggingApplicationListener.java:298)
	at org.springframework.boot.context.logging.LoggingApplicationListener.onApplicationEnvironmentPreparedEvent(LoggingApplicationListener.java:246)
	at org.springframework.boot.context.logging.LoggingApplicationListener.onApplicationEvent(LoggingApplicationListener.java:223)
	at org.springframework.context.event.SimpleApplicationEventMulticaster.doInvokeListener(SimpleApplicationEventMulticaster.java:176)
	at org.springframework.context.event.SimpleApplicationEventMulticaster.invokeListener(SimpleApplicationEventMulticaster.java:169)
	at org.springframework.context.event.SimpleApplicationEventMulticaster.multicastEvent(SimpleApplicationEventMulticaster.java:143)
	at org.springframework.context.event.SimpleApplicationEventMulticaster.multicastEvent(SimpleApplicationEventMulticaster.java:131)
	at org.springframework.boot.context.event.EventPublishingRunListener.environmentPrepared(EventPublishingRunListener.java:85)
	at org.springframework.boot.SpringApplicationRunListeners.lambda$environmentPrepared$2(SpringApplicationRunListeners.java:66)
	at java.util.ArrayList.forEach(ArrayList.java:1249)
	at org.springframework.boot.SpringApplicationRunListeners.doWithListeners(SpringApplicationRunListeners.java:120)
	at org.springframework.boot.SpringApplicationRunListeners.doWithListeners(SpringApplicationRunListeners.java:114)
	at org.springframework.boot.SpringApplicationRunListeners.environmentPrepared(SpringApplicationRunListeners.java:65)
	at org.springframework.boot.SpringApplication.prepareEnvironment(SpringApplication.java:344)
	at org.springframework.boot.SpringApplication.run(SpringApplication.java:302)
	at org.springframework.boot.SpringApplication.run(SpringApplication.java:1306)
	at org.springframework.boot.SpringApplication.run(SpringApplication.java:1295)
	at com.uestc.thresholddkg.Server.ThresholdDkgApplication.main(ThresholdDkgApplication.java:23)
	at sun.reflect.NativeMethodAccessorImpl.invoke0(Native Method)
	at sun.reflect.NativeMethodAccessorImpl.invoke(NativeMethodAccessorImpl.java:62)
	at sun.reflect.DelegatingMethodAccessorImpl.invoke(DelegatingMethodAccessorImpl.java:43)
	at java.lang.reflect.Method.invoke(Method.java:498)
	at org.springframework.boot.devtools.restart.RestartLauncher.run(RestartLauncher.java:49)
Caused by: java.lang.IllegalStateException: Logback configuration error detected: 
ERROR in ch.qos.logback.core.rolling.RollingFileAppender[fileAppender] - 'FileNamePattern' option has the same value "src/logs/logs/auth-api-ext-impl.%d{yyyyMMdd}.%i.log.gz" as that given for appender [fileAppender] defined earlier.
ERROR in ch.qos.logback.core.rolling.RollingFileAppender[fileAppender] - Collisions detected with FileAppender/RollingAppender instances defined earlier. Aborting.
ERROR in ch.qos.logback.core.rolling.RollingFileAppender[fileAppender] - For more information, please visit http://logback.qos.ch/codes.html#earlier_fa_collision
	at org.springframework.boot.logging.logback.LogbackLoggingSystem.loadConfiguration(LogbackLoggingSystem.java:179)
	at org.springframework.boot.logging.logback.LogbackLoggingSystem.reinitialize(LogbackLoggingSystem.java:232)
	at org.springframework.boot.logging.AbstractLoggingSystem.initializeWithConventions(AbstractLoggingSystem.java:73)
	at org.springframework.boot.logging.AbstractLoggingSystem.initialize(AbstractLoggingSystem.java:60)
	at org.springframework.boot.logging.logback.LogbackLoggingSystem.initialize(LogbackLoggingSystem.java:132)
	at org.springframework.boot.context.logging.LoggingApplicationListener.initializeSystem(LoggingApplicationListener.java:329)
	... 23 common frames omitted
2023-04-27 21:13:13.920 [restartedMain] WARN  c.b.mybatisplus.core.metadata.TableInfoHelper - Can not find table primary key in Class: "com.uestc.thresholddkg.Server.persist.ServPrfs".
2023-04-27 21:13:15.698 [restartedMain] WARN  c.b.mybatisplus.core.metadata.TableInfoHelper - Can not find table primary key in Class: "com.uestc.thresholddkg.Server.persist.ServPrfs".
2023-04-27 21:13:16.273 [restartedMain] ERROR org.springframework.boot.SpringApplication - Application run failed
org.springframework.beans.factory.BeanCreationNotAllowedException: Error creating bean with name 'conditionEvaluationDeltaLoggingListener': Singleton bean creation not allowed while singletons of this factory are in destruction (Do not request a bean from a BeanFactory in a destroy method implementation!)
	at org.springframework.beans.factory.support.DefaultSingletonBeanRegistry.getSingleton(DefaultSingletonBeanRegistry.java:220)
	at org.springframework.beans.factory.support.AbstractBeanFactory.doGetBean(AbstractBeanFactory.java:333)
	at org.springframework.beans.factory.support.AbstractBeanFactory.getBean(AbstractBeanFactory.java:213)
	at org.springframework.context.event.AbstractApplicationEventMulticaster.retrieveApplicationListeners(AbstractApplicationEventMulticaster.java:264)
	at org.springframework.context.event.AbstractApplicationEventMulticaster.getApplicationListeners(AbstractApplicationEventMulticaster.java:221)
	at org.springframework.context.event.SimpleApplicationEventMulticaster.multicastEvent(SimpleApplicationEventMulticaster.java:138)
	at org.springframework.context.support.AbstractApplicationContext.publishEvent(AbstractApplicationContext.java:421)
	at org.springframework.context.support.AbstractApplicationContext.publishEvent(AbstractApplicationContext.java:378)
	at org.springframework.boot.context.event.EventPublishingRunListener.ready(EventPublishingRunListener.java:114)
	at org.springframework.boot.SpringApplicationRunListeners.lambda$ready$6(SpringApplicationRunListeners.java:82)
	at java.util.ArrayList.forEach(ArrayList.java:1249)
	at org.springframework.boot.SpringApplicationRunListeners.doWithListeners(SpringApplicationRunListeners.java:120)
	at org.springframework.boot.SpringApplicationRunListeners.doWithListeners(SpringApplicationRunListeners.java:114)
	at org.springframework.boot.SpringApplicationRunListeners.ready(SpringApplicationRunListeners.java:82)
	at org.springframework.boot.SpringApplication.run(SpringApplication.java:323)
	at org.springframework.boot.SpringApplication.run(SpringApplication.java:1306)
	at org.springframework.boot.SpringApplication.run(SpringApplication.java:1295)
	at com.uestc.thresholddkg.Server.ThresholdDkgApplication.main(ThresholdDkgApplication.java:23)
	at sun.reflect.NativeMethodAccessorImpl.invoke0(Native Method)
	at sun.reflect.NativeMethodAccessorImpl.invoke(NativeMethodAccessorImpl.java:62)
	at sun.reflect.DelegatingMethodAccessorImpl.invoke(DelegatingMethodAccessorImpl.java:43)
	at java.lang.reflect.Method.invoke(Method.java:498)
	at org.springframework.boot.devtools.restart.RestartLauncher.run(RestartLauncher.java:49)
2023-04-27 21:13:17.242 [restartedMain] WARN  c.b.mybatisplus.core.metadata.TableInfoHelper - Can not find table primary key in Class: "com.uestc.thresholddkg.Server.persist.ServPrfs".
2023-04-27 21:13:17.353 [restartedMain] WARN  c.b.mybatisplus.core.metadata.TableInfoHelper - Can not find table primary key in Class: "com.uestc.thresholddkg.Server.persist.ServPrfs".
2023-04-27 21:13:17.535 [restartedMain] WARN  o.s.c.a.AnnotationConfigApplicationContext - Exception encountered during context initialization - cancelling refresh attempt: org.springframework.beans.factory.BeanCreationException: Error creating bean with name 'springApplicationAdminRegistrar' defined in class path resource [org/springframework/boot/autoconfigure/admin/SpringApplicationAdminJmxAutoConfiguration.class]: Invocation of init method failed; nested exception is javax.management.InstanceAlreadyExistsException: org.springframework.boot:type=Admin,name=SpringApplication
2023-04-27 21:13:17.554 [restartedMain] ERROR org.springframework.boot.SpringApplication - Application run failed
org.springframework.beans.factory.BeanCreationException: Error creating bean with name 'springApplicationAdminRegistrar' defined in class path resource [org/springframework/boot/autoconfigure/admin/SpringApplicationAdminJmxAutoConfiguration.class]: Invocation of init method failed; nested exception is javax.management.InstanceAlreadyExistsException: org.springframework.boot:type=Admin,name=SpringApplication
	at org.springframework.beans.factory.support.AbstractAutowireCapableBeanFactory.initializeBean(AbstractAutowireCapableBeanFactory.java:1804)
	at org.springframework.beans.factory.support.AbstractAutowireCapableBeanFactory.doCreateBean(AbstractAutowireCapableBeanFactory.java:620)
	at org.springframework.beans.factory.support.AbstractAutowireCapableBeanFactory.createBean(AbstractAutowireCapableBeanFactory.java:542)
	at org.springframework.beans.factory.support.AbstractBeanFactory.lambda$doGetBean$0(AbstractBeanFactory.java:335)
	at org.springframework.beans.factory.support.DefaultSingletonBeanRegistry.getSingleton(DefaultSingletonBeanRegistry.java:234)
	at org.springframework.beans.factory.support.AbstractBeanFactory.doGetBean(AbstractBeanFactory.java:333)
	at org.springframework.beans.factory.support.AbstractBeanFactory.getBean(AbstractBeanFactory.java:208)
	at org.springframework.beans.factory.support.DefaultListableBeanFactory.preInstantiateSingletons(DefaultListableBeanFactory.java:955)
	at org.springframework.context.support.AbstractApplicationContext.finishBeanFactoryInitialization(AbstractApplicationContext.java:918)
	at org.springframework.context.support.AbstractApplicationContext.refresh(AbstractApplicationContext.java:583)
	at org.springframework.boot.SpringApplication.refresh(SpringApplication.java:734)
	at org.springframework.boot.SpringApplication.refreshContext(SpringApplication.java:408)
	at org.springframework.boot.SpringApplication.run(SpringApplication.java:308)
	at org.springframework.boot.SpringApplication.run(SpringApplication.java:1306)
	at org.springframework.boot.SpringApplication.run(SpringApplication.java:1295)
	at com.uestc.thresholddkg.Server.ThresholdDkgApplication.main(ThresholdDkgApplication.java:23)
	at sun.reflect.NativeMethodAccessorImpl.invoke0(Native Method)
	at sun.reflect.NativeMethodAccessorImpl.invoke(NativeMethodAccessorImpl.java:62)
	at sun.reflect.DelegatingMethodAccessorImpl.invoke(DelegatingMethodAccessorImpl.java:43)
	at java.lang.reflect.Method.invoke(Method.java:498)
	at org.springframework.boot.devtools.restart.RestartLauncher.run(RestartLauncher.java:49)
Caused by: javax.management.InstanceAlreadyExistsException: org.springframework.boot:type=Admin,name=SpringApplication
	at com.sun.jmx.mbeanserver.Repository.addMBean(Repository.java:437)
	at com.sun.jmx.interceptor.DefaultMBeanServerInterceptor.registerWithRepository(DefaultMBeanServerInterceptor.java:1898)
	at com.sun.jmx.interceptor.DefaultMBeanServerInterceptor.registerDynamicMBean(DefaultMBeanServerInterceptor.java:966)
	at com.sun.jmx.interceptor.DefaultMBeanServerInterceptor.registerObject(DefaultMBeanServerInterceptor.java:900)
	at com.sun.jmx.interceptor.DefaultMBeanServerInterceptor.registerMBean(DefaultMBeanServerInterceptor.java:324)
	at com.sun.jmx.mbeanserver.JmxMBeanServer.registerMBean(JmxMBeanServer.java:522)
	at org.springframework.boot.admin.SpringApplicationAdminMXBeanRegistrar.afterPropertiesSet(SpringApplicationAdminMXBeanRegistrar.java:129)
	at org.springframework.beans.factory.support.AbstractAutowireCapableBeanFactory.invokeInitMethods(AbstractAutowireCapableBeanFactory.java:1863)
	at org.springframework.beans.factory.support.AbstractAutowireCapableBeanFactory.initializeBean(AbstractAutowireCapableBeanFactory.java:1800)
	... 20 common frames omitted
2023-04-27 21:13:18.514 [restartedMain] WARN  c.b.mybatisplus.core.metadata.TableInfoHelper - Can not find table primary key in Class: "com.uestc.thresholddkg.Server.persist.ServPrfs".
2023-04-27 21:13:18.662 [restartedMain] WARN  o.s.c.a.AnnotationConfigApplicationContext - Exception encountered during context initialization - cancelling refresh attempt: org.springframework.beans.factory.BeanCreationException: Error creating bean with name 'springApplicationAdminRegistrar' defined in class path resource [org/springframework/boot/autoconfigure/admin/SpringApplicationAdminJmxAutoConfiguration.class]: Invocation of init method failed; nested exception is javax.management.InstanceAlreadyExistsException: org.springframework.boot:type=Admin,name=SpringApplication
2023-04-27 21:13:18.677 [restartedMain] ERROR org.springframework.boot.SpringApplication - Application run failed
org.springframework.beans.factory.BeanCreationException: Error creating bean with name 'springApplicationAdminRegistrar' defined in class path resource [org/springframework/boot/autoconfigure/admin/SpringApplicationAdminJmxAutoConfiguration.class]: Invocation of init method failed; nested exception is javax.management.InstanceAlreadyExistsException: org.springframework.boot:type=Admin,name=SpringApplication
	at org.springframework.beans.factory.support.AbstractAutowireCapableBeanFactory.initializeBean(AbstractAutowireCapableBeanFactory.java:1804)
	at org.springframework.beans.factory.support.AbstractAutowireCapableBeanFactory.doCreateBean(AbstractAutowireCapableBeanFactory.java:620)
	at org.springframework.beans.factory.support.AbstractAutowireCapableBeanFactory.createBean(AbstractAutowireCapableBeanFactory.java:542)
	at org.springframework.beans.factory.support.AbstractBeanFactory.lambda$doGetBean$0(AbstractBeanFactory.java:335)
	at org.springframework.beans.factory.support.DefaultSingletonBeanRegistry.getSingleton(DefaultSingletonBeanRegistry.java:234)
	at org.springframework.beans.factory.support.AbstractBeanFactory.doGetBean(AbstractBeanFactory.java:333)
	at org.springframework.beans.factory.support.AbstractBeanFactory.getBean(AbstractBeanFactory.java:208)
	at org.springframework.beans.factory.support.DefaultListableBeanFactory.preInstantiateSingletons(DefaultListableBeanFactory.java:955)
	at org.springframework.context.support.AbstractApplicationContext.finishBeanFactoryInitialization(AbstractApplicationContext.java:918)
	at org.springframework.context.support.AbstractApplicationContext.refresh(AbstractApplicationContext.java:583)
	at org.springframework.boot.SpringApplication.refresh(SpringApplication.java:734)
	at org.springframework.boot.SpringApplication.refreshContext(SpringApplication.java:408)
	at org.springframework.boot.SpringApplication.run(SpringApplication.java:308)
	at org.springframework.boot.SpringApplication.run(SpringApplication.java:1306)
	at org.springframework.boot.SpringApplication.run(SpringApplication.java:1295)
	at com.uestc.thresholddkg.Server.ThresholdDkgApplication.main(ThresholdDkgApplication.java:23)
	at sun.reflect.NativeMethodAccessorImpl.invoke0(Native Method)
	at sun.reflect.NativeMethodAccessorImpl.invoke(NativeMethodAccessorImpl.java:62)
	at sun.reflect.DelegatingMethodAccessorImpl.invoke(DelegatingMethodAccessorImpl.java:43)
	at java.lang.reflect.Method.invoke(Method.java:498)
	at org.springframework.boot.devtools.restart.RestartLauncher.run(RestartLauncher.java:49)
Caused by: javax.management.InstanceAlreadyExistsException: org.springframework.boot:type=Admin,name=SpringApplication
	at com.sun.jmx.mbeanserver.Repository.addMBean(Repository.java:437)
	at com.sun.jmx.interceptor.DefaultMBeanServerInterceptor.registerWithRepository(DefaultMBeanServerInterceptor.java:1898)
	at com.sun.jmx.interceptor.DefaultMBeanServerInterceptor.registerDynamicMBean(DefaultMBeanServerInterceptor.java:966)
	at com.sun.jmx.interceptor.DefaultMBeanServerInterceptor.registerObject(DefaultMBeanServerInterceptor.java:900)
	at com.sun.jmx.interceptor.DefaultMBeanServerInterceptor.registerMBean(DefaultMBeanServerInterceptor.java:324)
	at com.sun.jmx.mbeanserver.JmxMBeanServer.registerMBean(JmxMBeanServer.java:522)
	at org.springframework.boot.admin.SpringApplicationAdminMXBeanRegistrar.afterPropertiesSet(SpringApplicationAdminMXBeanRegistrar.java:129)
	at org.springframework.beans.factory.support.AbstractAutowireCapableBeanFactory.invokeInitMethods(AbstractAutowireCapableBeanFactory.java:1863)
	at org.springframework.beans.factory.support.AbstractAutowireCapableBeanFactory.initializeBean(AbstractAutowireCapableBeanFactory.java:1800)
	... 20 common frames omitted
2023-04-27 21:13:19.815 [restartedMain] WARN  c.b.mybatisplus.core.metadata.TableInfoHelper - Can not find table primary key in Class: "com.uestc.thresholddkg.Server.persist.ServPrfs".
2023-04-27 21:20:29.425 [restartedMain] WARN  c.b.mybatisplus.core.metadata.TableInfoHelper - Can not find table primary key in Class: "com.uestc.thresholddkg.Server.persist.ServPrfs".
2023-04-27 21:23:26.825 [pool-18-thread-14] ERROR com.uestc.thresholddkg.Server.communicate.SendUri -  Connect to FAILhttps://127.0.0.10:9020/verifyGetPrfI
2023-04-27 21:23:26.825 [pool-18-thread-9] ERROR com.uestc.thresholddkg.Server.communicate.SendUri -  Connect to FAILhttps://127.0.0.10:9070/verifyGetPrfI
2023-04-27 21:23:26.856 [pool-18-thread-8] ERROR com.uestc.thresholddkg.Server.communicate.SendUri -  Connect to FAILhttps://127.0.0.10:9060/verifyGetPrfI
2023-04-27 21:23:39.198 [pool-18-thread-1] ERROR com.uestc.thresholddkg.Server.communicate.SendUri -  Connect to FAILhttps://127.0.0.10:9020/verifyGetPrfI
2023-04-27 21:23:39.198 [pool-18-thread-2] ERROR com.uestc.thresholddkg.Server.communicate.SendUri -  Connect to FAILhttps://127.0.0.10:9060/verifyGetPrfI
2023-04-27 21:23:39.229 [pool-18-thread-4] ERROR com.uestc.thresholddkg.Server.communicate.SendUri -  Connect to FAILhttps://127.0.0.10:9070/verifyGetPrfI
