2023-01-28 09:53:59.396 [restartedMain] WARN  c.b.mybatisplus.core.metadata.TableInfoHelper - Can not find table primary key in Class: "com.uestc.thresholddkg.Server.persist.ServPrfs".
2023-01-28 09:54:05.010 [pool-7-thread-1] ERROR com.uestc.thresholddkg.Server.handle.StartDKG - START DKG fish|Passwd
2023-01-28 09:54:05.578 [Thread-33] ERROR com.uestc.thresholddkg.Server.user.StartPRF - Uesr get PRF DKG_System(p=19609365153697115254229409517844081099123366301874534015697777805977931463688440575482251977717791537108644701479157630516378626236525069525332922862796863, q=9804682576848557627114704758922040549561683150937267007848888902988965731844220287741125988858895768554322350739578815258189313118262534762666461431398431, g=3689639894989460527959798455973069541651325008642658383562416895345819667988144291699568144125003147493379922694695601972881644322141441523004587043324395, h=12562024977444657743376935589674060415651589542656984457823747788941748105648907914619948567953619174964435883044030236467931560390148893212799180046997239)
2023-01-28 09:54:06.111 [Thread-37] ERROR c.u.thresholddkg.Server.user.PrfComm.Hash1BroadGet - PwdHash1ENC---494884910201259655004733170271507918744861330168699273770609162319974507515096478760751305313914517703473006052089356842716223480941999485943545792383047
2023-01-28 09:56:56.561 [restartedMain] WARN  c.b.mybatisplus.core.metadata.TableInfoHelper - Can not find table primary key in Class: "com.uestc.thresholddkg.Server.persist.ServPrfs".
2023-01-28 09:56:59.603 [restartedMain] WARN  c.b.mybatisplus.core.metadata.TableInfoHelper - Can not find table primary key in Class: "com.uestc.thresholddkg.Server.persist.ServPrfs".
2023-01-28 09:56:59.872 [restartedMain] WARN  c.b.mybatisplus.core.metadata.TableInfoHelper - Can not find table primary key in Class: "com.uestc.thresholddkg.Server.persist.ServPrfs".
2023-01-28 09:56:59.948 [restartedMain] WARN  o.s.c.a.AnnotationConfigApplicationContext - Exception encountered during context initialization - cancelling refresh attempt: org.springframework.beans.factory.BeanCreationException: Error creating bean with name 'springApplicationAdminRegistrar' defined in class path resource [org/springframework/boot/autoconfigure/admin/SpringApplicationAdminJmxAutoConfiguration.class]: Invocation of init method failed; nested exception is javax.management.InstanceAlreadyExistsException: org.springframework.boot:type=Admin,name=SpringApplication
2023-01-28 09:57:00.060 [restartedMain] ERROR org.springframework.boot.SpringApplication - Application run failed
org.springframework.beans.factory.BeanCreationException: Error creating bean with name 'springApplicationAdminRegistrar' defined in class path resource [org/springframework/boot/autoconfigure/admin/SpringApplicationAdminJmxAutoConfiguration.class]: Invocation of init method failed; nested exception is javax.management.InstanceAlreadyExistsException: org.springframework.boot:type=Admin,name=SpringApplication
	at org.springframework.beans.factory.support.AbstractAutowireCapableBeanFactory.initializeBean(AbstractAutowireCapableBeanFactory.java:1804)
	at org.springframework.beans.factory.support.AbstractAutowireCapableBeanFactory.doCreateBean(AbstractAutowireCapableBeanFactory.java:620)
	at org.springframework.beans.factory.support.AbstractAutowireCapableBeanFactory.createBean(AbstractAutowireCapableBeanFactory.java:542)
	at org.springframework.beans.factory.support.AbstractBeanFactory.lambda$doGetBean$0(AbstractBeanFactory.java:335)
	at org.springframework.beans.factory.support.DefaultSingletonBeanRegistry.getSingleton(DefaultSingletonBeanRegistry.java:234)
	at org.springframework.beans.factory.support.AbstractBeanFactory.doGetBean(AbstractBeanFactory.java:333)
	at org.springframework.beans.factory.support.AbstractBeanFactory.getBean(AbstractBeanFactory.java:208)
	at org.springframework.beans.factory.support.DefaultListableBeanFactory.preInstantiateSingletons(DefaultListableBeanFactory.java:955)
	at org.springframework.context.support.AbstractApplicationContext.finishBeanFactoryInitialization(AbstractApplicationContext.java:918)
	at org.springframework.context.support.AbstractApplicationContext.refresh(AbstractApplicationContext.java:583)
	at org.springframework.boot.SpringApplication.refresh(SpringApplication.java:734)
	at org.springframework.boot.SpringApplication.refreshContext(SpringApplication.java:408)
	at org.springframework.boot.SpringApplication.run(SpringApplication.java:308)
	at org.springframework.boot.SpringApplication.run(SpringApplication.java:1306)
	at org.springframework.boot.SpringApplication.run(SpringApplication.java:1295)
	at com.uestc.thresholddkg.ThresholdDkgApplication.main(ThresholdDkgApplication.java:19)
	at sun.reflect.NativeMethodAccessorImpl.invoke0(Native Method)
	at sun.reflect.NativeMethodAccessorImpl.invoke(NativeMethodAccessorImpl.java:62)
	at sun.reflect.DelegatingMethodAccessorImpl.invoke(DelegatingMethodAccessorImpl.java:43)
	at java.lang.reflect.Method.invoke(Method.java:498)
	at org.springframework.boot.devtools.restart.RestartLauncher.run(RestartLauncher.java:49)
Caused by: javax.management.InstanceAlreadyExistsException: org.springframework.boot:type=Admin,name=SpringApplication
	at com.sun.jmx.mbeanserver.Repository.addMBean(Repository.java:437)
	at com.sun.jmx.interceptor.DefaultMBeanServerInterceptor.registerWithRepository(DefaultMBeanServerInterceptor.java:1898)
	at com.sun.jmx.interceptor.DefaultMBeanServerInterceptor.registerDynamicMBean(DefaultMBeanServerInterceptor.java:966)
	at com.sun.jmx.interceptor.DefaultMBeanServerInterceptor.registerObject(DefaultMBeanServerInterceptor.java:900)
	at com.sun.jmx.interceptor.DefaultMBeanServerInterceptor.registerMBean(DefaultMBeanServerInterceptor.java:324)
	at com.sun.jmx.mbeanserver.JmxMBeanServer.registerMBean(JmxMBeanServer.java:522)
	at org.springframework.boot.admin.SpringApplicationAdminMXBeanRegistrar.afterPropertiesSet(SpringApplicationAdminMXBeanRegistrar.java:129)
	at org.springframework.beans.factory.support.AbstractAutowireCapableBeanFactory.invokeInitMethods(AbstractAutowireCapableBeanFactory.java:1863)
	at org.springframework.beans.factory.support.AbstractAutowireCapableBeanFactory.initializeBean(AbstractAutowireCapableBeanFactory.java:1800)
	... 20 common frames omitted
2023-01-28 09:57:17.233 [restartedMain] WARN  c.b.mybatisplus.core.metadata.TableInfoHelper - Can not find table primary key in Class: "com.uestc.thresholddkg.Server.persist.ServPrfs".
2023-01-28 09:58:16.803 [pool-2-thread-6] ERROR com.uestc.thresholddkg.Server.handle.TestHandle - activate.navicat.com/127.0.0.1:10052get
2023-01-28 09:58:39.248 [pool-3-thread-2] ERROR com.uestc.thresholddkg.Server.handle.TestHandle - activate.navicat.com/127.0.0.1:10073get
2023-01-28 09:58:59.980 [pool-3-thread-3] ERROR com.uestc.thresholddkg.Server.handle.TestHandle - activate.navicat.com/127.0.0.1:10073get
2023-01-28 09:59:03.483 [pool-3-thread-4] ERROR com.uestc.thresholddkg.Server.handle.TestHandle - activate.navicat.com/127.0.0.1:10073get
