2023-03-06 13:22:08.575 [main] WARN  c.b.mybatisplus.core.metadata.TableInfoHelper - Can not find table primary key in Class: "com.uestc.thresholddkg.Server.persist.ServPrfs".
2023-03-06 13:22:28.680 [main] WARN  c.b.mybatisplus.core.metadata.TableInfoHelper - Can not find table primary key in Class: "com.uestc.thresholddkg.Server.persist.ServPrfs".
2023-03-06 13:23:28.721 [main] WARN  c.b.mybatisplus.core.metadata.TableInfoHelper - Can not find table primary key in Class: "com.uestc.thresholddkg.Server.persist.ServPrfs".
2023-03-06 13:24:17.231 [main] WARN  c.b.mybatisplus.core.metadata.TableInfoHelper - Can not find table primary key in Class: "com.uestc.thresholddkg.Server.persist.ServPrfs".
2023-03-06 13:38:28.375 [restartedMain] WARN  c.b.mybatisplus.core.metadata.TableInfoHelper - Can not find table primary key in Class: "com.uestc.thresholddkg.Server.persist.ServPrfs".
2023-03-06 13:40:00.039 [Thread-32] ERROR com.uestc.thresholddkg.Server.user.startToken - isExist 7
2023-03-06 13:40:00.066 [pool-2-thread-8] ERROR com.uestc.thresholddkg.Server.handle.StartDKG - START DKG alice|Passwd
2023-03-06 13:40:00.442 [Thread-32] ERROR com.uestc.thresholddkg.Server.user.StartPRF - Uesr get PRF DKG_System(p=66199289754939591851578211701545191052009484534319182770068606899046962899742487905538988270584961160049262463760685303258190381949937191905145807448404009, q=8274911219367448981447276462693148881501185566789897846258575862380870362467810988192373533823120145006157807970085662907273797743742148988143225931050501, g=23060614636471750874939553315984575340721865013647250101412278235763847329571398665378075931577071143609114355914677801832381423194973787130812419786397319, h=41328090118956125713218546879397376053466903456466927993542125701069053588847826605719957542824683071449418914050136751647600741694410799084175120022798761)
2023-03-06 13:40:00.699 [Thread-32] ERROR c.u.thresholddkg.Server.user.TokenComm.GetTokenSi - 1 verify tokeni True
2023-03-06 13:40:00.701 [Thread-32] ERROR c.u.thresholddkg.Server.user.TokenComm.GetTokenSi - 3 verify tokeni True
2023-03-06 13:40:00.702 [Thread-32] ERROR c.u.thresholddkg.Server.user.TokenComm.GetTokenSi - 4 verify tokeni True
2023-03-06 13:40:00.703 [Thread-32] ERROR c.u.thresholddkg.Server.user.TokenComm.GetTokenSi - 7 verify tokeni True
2023-03-06 13:40:19.147 [Thread-32] ERROR com.uestc.thresholddkg.Server.user.startToken - isExist 7
2023-03-06 13:40:19.179 [pool-2-thread-6] ERROR com.uestc.thresholddkg.Server.handle.StartDKG - START DKG alice|Passwd
2023-03-06 13:40:19.182 [Thread-32] ERROR com.uestc.thresholddkg.Server.user.StartPRF - Uesr get PRF DKG_System(p=66199289754939591851578211701545191052009484534319182770068606899046962899742487905538988270584961160049262463760685303258190381949937191905145807448404009, q=8274911219367448981447276462693148881501185566789897846258575862380870362467810988192373533823120145006157807970085662907273797743742148988143225931050501, g=23060614636471750874939553315984575340721865013647250101412278235763847329571398665378075931577071143609114355914677801832381423194973787130812419786397319, h=41328090118956125713218546879397376053466903456466927993542125701069053588847826605719957542824683071449418914050136751647600741694410799084175120022798761)
2023-03-06 13:40:19.329 [Thread-32] ERROR c.u.thresholddkg.Server.user.TokenComm.GetTokenSi - 1 verify tokeni True
2023-03-06 13:40:19.330 [Thread-32] ERROR c.u.thresholddkg.Server.user.TokenComm.GetTokenSi - 4 verify tokeni True
2023-03-06 13:40:19.332 [Thread-32] ERROR c.u.thresholddkg.Server.user.TokenComm.GetTokenSi - 6 verify tokeni True
2023-03-06 13:40:19.333 [Thread-32] ERROR c.u.thresholddkg.Server.user.TokenComm.GetTokenSi - 7 verify tokeni True
2023-03-06 13:40:43.171 [Thread-32] ERROR com.uestc.thresholddkg.Server.user.startToken - isExist 7
2023-03-06 13:40:43.197 [pool-2-thread-1] ERROR com.uestc.thresholddkg.Server.handle.StartDKG - START DKG alice|Passwd
2023-03-06 13:40:43.200 [Thread-32] ERROR com.uestc.thresholddkg.Server.user.StartPRF - Uesr get PRF DKG_System(p=66199289754939591851578211701545191052009484534319182770068606899046962899742487905538988270584961160049262463760685303258190381949937191905145807448404009, q=8274911219367448981447276462693148881501185566789897846258575862380870362467810988192373533823120145006157807970085662907273797743742148988143225931050501, g=23060614636471750874939553315984575340721865013647250101412278235763847329571398665378075931577071143609114355914677801832381423194973787130812419786397319, h=41328090118956125713218546879397376053466903456466927993542125701069053588847826605719957542824683071449418914050136751647600741694410799084175120022798761)
2023-03-06 13:40:43.330 [Thread-32] ERROR c.u.thresholddkg.Server.user.TokenComm.GetTokenSi - 1 verify tokeni True
2023-03-06 13:40:43.331 [Thread-32] ERROR c.u.thresholddkg.Server.user.TokenComm.GetTokenSi - 3 verify tokeni True
2023-03-06 13:40:43.333 [Thread-32] ERROR c.u.thresholddkg.Server.user.TokenComm.GetTokenSi - 4 verify tokeni True
2023-03-06 13:40:43.335 [Thread-32] ERROR c.u.thresholddkg.Server.user.TokenComm.GetTokenSi - 7 verify tokeni True
2023-03-06 13:41:47.744 [pool-2-thread-14] ERROR c.u.t.Server.handle.TokenHandle.VerifyToken - Time out,may replay attack
2023-03-06 13:42:12.604 [restartedMain] WARN  c.b.mybatisplus.core.metadata.TableInfoHelper - Can not find table primary key in Class: "com.uestc.thresholddkg.Server.persist.ServPrfs".
2023-03-06 13:42:25.286 [Thread-27] ERROR com.uestc.thresholddkg.Server.user.startToken - isExist 7
2023-03-06 13:42:25.313 [pool-2-thread-12] ERROR com.uestc.thresholddkg.Server.handle.StartDKG - START DKG alice|Passwd
2023-03-06 13:42:25.580 [Thread-27] ERROR com.uestc.thresholddkg.Server.user.StartPRF - Uesr get PRF DKG_System(p=66199289754939591851578211701545191052009484534319182770068606899046962899742487905538988270584961160049262463760685303258190381949937191905145807448404009, q=8274911219367448981447276462693148881501185566789897846258575862380870362467810988192373533823120145006157807970085662907273797743742148988143225931050501, g=23060614636471750874939553315984575340721865013647250101412278235763847329571398665378075931577071143609114355914677801832381423194973787130812419786397319, h=41328090118956125713218546879397376053466903456466927993542125701069053588847826605719957542824683071449418914050136751647600741694410799084175120022798761)
2023-03-06 13:42:25.817 [Thread-27] ERROR c.u.thresholddkg.Server.user.TokenComm.GetTokenSi - 1 verify tokeni True
2023-03-06 13:42:25.818 [Thread-27] ERROR c.u.thresholddkg.Server.user.TokenComm.GetTokenSi - 2 verify tokeni True
2023-03-06 13:42:25.820 [Thread-27] ERROR c.u.thresholddkg.Server.user.TokenComm.GetTokenSi - 3 verify tokeni True
2023-03-06 13:42:25.821 [Thread-27] ERROR c.u.thresholddkg.Server.user.TokenComm.GetTokenSi - 6 verify tokeni True
2023-03-06 13:42:45.931 [restartedMain] WARN  c.b.mybatisplus.core.metadata.TableInfoHelper - Can not find table primary key in Class: "com.uestc.thresholddkg.Server.persist.ServPrfs".
2023-03-06 13:42:47.738 [restartedMain] ERROR org.springframework.boot.SpringApplication - Application run failed
java.lang.IllegalStateException: java.lang.IllegalStateException: Logback configuration error detected: 
ERROR in ch.qos.logback.core.rolling.RollingFileAppender[fileAppender] - 'FileNamePattern' option has the same value "src/logs/logs/auth-api-ext-impl.%d{yyyyMMdd}.%i.log.gz" as that given for appender [fileAppender] defined earlier.
ERROR in ch.qos.logback.core.rolling.RollingFileAppender[fileAppender] - Collisions detected with FileAppender/RollingAppender instances defined earlier. Aborting.
ERROR in ch.qos.logback.core.rolling.RollingFileAppender[fileAppender] - For more information, please visit http://logback.qos.ch/codes.html#earlier_fa_collision
	at org.springframework.boot.context.logging.LoggingApplicationListener.initializeSystem(LoggingApplicationListener.java:344)
	at org.springframework.boot.context.logging.LoggingApplicationListener.initialize(LoggingApplicationListener.java:298)
	at org.springframework.boot.context.logging.LoggingApplicationListener.onApplicationEnvironmentPreparedEvent(LoggingApplicationListener.java:246)
	at org.springframework.boot.context.logging.LoggingApplicationListener.onApplicationEvent(LoggingApplicationListener.java:223)
	at org.springframework.context.event.SimpleApplicationEventMulticaster.doInvokeListener(SimpleApplicationEventMulticaster.java:176)
	at org.springframework.context.event.SimpleApplicationEventMulticaster.invokeListener(SimpleApplicationEventMulticaster.java:169)
	at org.springframework.context.event.SimpleApplicationEventMulticaster.multicastEvent(SimpleApplicationEventMulticaster.java:143)
	at org.springframework.context.event.SimpleApplicationEventMulticaster.multicastEvent(SimpleApplicationEventMulticaster.java:131)
	at org.springframework.boot.context.event.EventPublishingRunListener.environmentPrepared(EventPublishingRunListener.java:85)
	at org.springframework.boot.SpringApplicationRunListeners.lambda$environmentPrepared$2(SpringApplicationRunListeners.java:66)
	at java.util.ArrayList.forEach(ArrayList.java:1249)
	at org.springframework.boot.SpringApplicationRunListeners.doWithListeners(SpringApplicationRunListeners.java:120)
	at org.springframework.boot.SpringApplicationRunListeners.doWithListeners(SpringApplicationRunListeners.java:114)
	at org.springframework.boot.SpringApplicationRunListeners.environmentPrepared(SpringApplicationRunListeners.java:65)
	at org.springframework.boot.SpringApplication.prepareEnvironment(SpringApplication.java:344)
	at org.springframework.boot.SpringApplication.run(SpringApplication.java:302)
	at org.springframework.boot.SpringApplication.run(SpringApplication.java:1306)
	at org.springframework.boot.SpringApplication.run(SpringApplication.java:1295)
	at com.uestc.thresholddkg.Server.ThresholdDkgApplication.main(ThresholdDkgApplication.java:20)
	at sun.reflect.NativeMethodAccessorImpl.invoke0(Native Method)
	at sun.reflect.NativeMethodAccessorImpl.invoke(NativeMethodAccessorImpl.java:62)
	at sun.reflect.DelegatingMethodAccessorImpl.invoke(DelegatingMethodAccessorImpl.java:43)
	at java.lang.reflect.Method.invoke(Method.java:498)
	at org.springframework.boot.devtools.restart.RestartLauncher.run(RestartLauncher.java:49)
Caused by: java.lang.IllegalStateException: Logback configuration error detected: 
ERROR in ch.qos.logback.core.rolling.RollingFileAppender[fileAppender] - 'FileNamePattern' option has the same value "src/logs/logs/auth-api-ext-impl.%d{yyyyMMdd}.%i.log.gz" as that given for appender [fileAppender] defined earlier.
ERROR in ch.qos.logback.core.rolling.RollingFileAppender[fileAppender] - Collisions detected with FileAppender/RollingAppender instances defined earlier. Aborting.
ERROR in ch.qos.logback.core.rolling.RollingFileAppender[fileAppender] - For more information, please visit http://logback.qos.ch/codes.html#earlier_fa_collision
	at org.springframework.boot.logging.logback.LogbackLoggingSystem.loadConfiguration(LogbackLoggingSystem.java:179)
	at org.springframework.boot.logging.logback.LogbackLoggingSystem.reinitialize(LogbackLoggingSystem.java:232)
	at org.springframework.boot.logging.AbstractLoggingSystem.initializeWithConventions(AbstractLoggingSystem.java:73)
	at org.springframework.boot.logging.AbstractLoggingSystem.initialize(AbstractLoggingSystem.java:60)
	at org.springframework.boot.logging.logback.LogbackLoggingSystem.initialize(LogbackLoggingSystem.java:132)
	at org.springframework.boot.context.logging.LoggingApplicationListener.initializeSystem(LoggingApplicationListener.java:329)
	... 23 common frames omitted
2023-03-06 13:42:48.037 [restartedMain] WARN  c.b.mybatisplus.core.metadata.TableInfoHelper - Can not find table primary key in Class: "com.uestc.thresholddkg.Server.persist.ServPrfs".
2023-03-06 13:44:55.967 [restartedMain] WARN  c.b.mybatisplus.core.metadata.TableInfoHelper - Can not find table primary key in Class: "com.uestc.thresholddkg.Server.persist.ServPrfs".
2023-03-06 13:46:04.799 [Thread-27] ERROR com.uestc.thresholddkg.Server.user.startToken - isExist 7
2023-03-06 13:46:04.826 [pool-2-thread-16] ERROR com.uestc.thresholddkg.Server.handle.StartDKG - START DKG alice|Passwd
2023-03-06 13:46:05.082 [Thread-27] ERROR com.uestc.thresholddkg.Server.user.StartPRF - Uesr get PRF DKG_System(p=66199289754939591851578211701545191052009484534319182770068606899046962899742487905538988270584961160049262463760685303258190381949937191905145807448404009, q=8274911219367448981447276462693148881501185566789897846258575862380870362467810988192373533823120145006157807970085662907273797743742148988143225931050501, g=23060614636471750874939553315984575340721865013647250101412278235763847329571398665378075931577071143609114355914677801832381423194973787130812419786397319, h=41328090118956125713218546879397376053466903456466927993542125701069053588847826605719957542824683071449418914050136751647600741694410799084175120022798761)
2023-03-06 13:46:05.311 [Thread-27] ERROR c.u.thresholddkg.Server.user.TokenComm.GetTokenSi - 2 verify tokeni True
2023-03-06 13:46:05.313 [Thread-27] ERROR c.u.thresholddkg.Server.user.TokenComm.GetTokenSi - 3 verify tokeni True
2023-03-06 13:46:05.314 [Thread-27] ERROR c.u.thresholddkg.Server.user.TokenComm.GetTokenSi - 4 verify tokeni True
2023-03-06 13:46:05.316 [Thread-27] ERROR c.u.thresholddkg.Server.user.TokenComm.GetTokenSi - 7 verify tokeni True
